<?xml version="1.0"?><coverage lines-covered="2582" lines-valid="2955" line-rate="0.8737732656514382" branches-covered="0" branches-valid="0" branch-rate="0" complexity="0" version="1.9" timestamp="1768508393"><sources><source>/Users/meilynlopezcubero/FerroTeX</source></sources><packages><package name="crates/ferrotexd/src" line-rate="0.8286367098248286" branch-rate="0" complexity="0"><classes><class name="completer" filename="crates/ferrotexd/src/completer.rs" line-rate="1" branch-rate="0" complexity="0"><methods/><lines><line number="69" hits="6"/><line number="74" hits="12"/><line number="75" hits="12"/><line number="76" hits="12"/><line number="77" hits="12"/><line number="79" hits="18"/><line number="81" hits="26"/><line number="83" hits="8"/><line number="84" hits="8"/><line number="85" hits="8"/><line number="86" hits="8"/><line number="87" hits="8"/><line number="88" hits="4"/><line number="89" hits="4"/><line number="93" hits="3"/><line number="94" hits="4"/><line number="96" hits="2"/><line number="97" hits="2"/><line number="98" hits="2"/><line number="99" hits="2"/><line number="100" hits="2"/><line number="101" hits="1"/><line number="102" hits="1"/><line number="109" hits="8"/><line number="110" hits="6"/><line number="111" hits="5"/><line number="112" hits="5"/><line number="113" hits="3"/><line number="114" hits="3"/><line number="115" hits="2"/><line number="116" hits="3"/><line number="117" hits="1"/><line number="124" hits="6"/><line number="127" hits="5"/><line number="136" hits="63"/><line number="137" hits="138"/><line number="138" hits="66"/><line number="139" hits="66"/><line number="140" hits="44"/><line number="141" hits="22"/><line number="142" hits="22"/><line number="146" hits="111"/><line number="147" hits="252"/><line number="148" hits="120"/><line number="149" hits="120"/><line number="150" hits="80"/><line number="151" hits="40"/><line number="152" hits="40"/></lines></class><class name="fmt" filename="crates/ferrotexd/src/fmt.rs" line-rate="0.974025974025974" branch-rate="0" complexity="0"><methods/><lines><line number="12" hits="4"/><line number="13" hits="8"/><line number="33" hits="12"/><line number="41" hits="8"/><line number="43" hits="236"/><line number="44" hits="228"/><line number="45" hits="114"/><line number="46" hits="114"/><line number="47" hits="24"/><line number="48" hits="30"/><line number="58" hits="90"/><line number="59" hits="90"/><line number="60" hits="54"/><line number="61" hits="24"/><line number="62" hits="6"/><line number="63" hits="24"/><line number="64" hits="12"/><line number="66" hits="36"/><line number="67" hits="18"/><line number="72" hits="450"/><line number="73" hits="450"/><line number="77" hits="228"/><line number="92" hits="12"/><line number="93" hits="16"/><line number="112" hits="12"/><line number="114" hits="94"/><line number="115" hits="4"/><line number="116" hits="232"/><line number="118" hits="90"/><line number="119" hits="54"/><line number="120" hits="90"/><line number="121" hits="36"/><line number="122" hits="0"/><line number="125" hits="18"/><line number="127" hits="18"/><line number="128" hits="6"/><line number="130" hits="12"/><line number="132" hits="18"/><line number="133" hits="6"/><line number="173" hits="16"/><line number="187" hits="20"/><line number="191" hits="94"/><line number="192" hits="4"/><line number="193" hits="232"/><line number="195" hits="90"/><line number="196" hits="54"/><line number="197" hits="90"/><line number="198" hits="36"/><line number="199" hits="0"/><line number="202" hits="24"/><line number="203" hits="6"/><line number="204" hits="24"/><line number="205" hits="6"/><line number="213" hits="8"/><line number="214" hits="96"/><line number="225" hits="66"/><line number="226" hits="66"/><line number="239" hits="22"/><line number="243" hits="52"/><line number="244" hits="66"/><line number="245" hits="44"/><line number="247" hits="1"/><line number="250" hits="42"/><line number="251" hits="105"/><line number="252" hits="63"/><line number="255" hits="84"/><line number="256" hits="27"/><line number="258" hits="18"/><line number="259" hits="6"/><line number="260" hits="12"/><line number="261" hits="12"/><line number="262" hits="12"/><line number="264" hits="6"/><line number="265" hits="6"/><line number="266" hits="6"/><line number="269" hits="6"/><line number="274" hits="4"/></lines></class><class name="hover" filename="crates/ferrotexd/src/hover.rs" line-rate="0.7871485943775101" branch-rate="0" complexity="0"><methods/><lines><line number="12" hits="48"/><line number="17" hits="144"/><line number="18" hits="0"/><line number="19" hits="88"/><line number="20" hits="8"/><line number="21" hits="4"/><line number="22" hits="2"/><line number="24" hits="2"/><line number="30" hits="144"/><line number="33" hits="48"/><line number="34" hits="0"/><line number="38" hits="56"/><line number="39" hits="24"/><line number="41" hits="9"/><line number="45" hits="42"/><line number="47" hits="14"/><line number="48" hits="1"/><line number="49" hits="1"/><line number="50" hits="1"/><line number="52" hits="26"/><line number="55" hits="7"/><line number="57" hits="24"/><line number="62" hits="64"/><line number="63" hits="96"/><line number="66" hits="0"/><line number="70" hits="13"/><line number="71" hits="39"/><line number="74" hits="39"/><line number="75" hits="26"/><line number="76" hits="39"/><line number="78" hits="0"/><line number="81" hits="0"/><line number="84" hits="49"/><line number="85" hits="27"/><line number="86" hits="3"/><line number="87" hits="3"/><line number="88" hits="3"/><line number="90" hits="21"/><line number="91" hits="2"/><line number="92" hits="2"/><line number="93" hits="2"/><line number="95" hits="17"/><line number="96" hits="2"/><line number="97" hits="2"/><line number="98" hits="2"/><line number="100" hits="7"/><line number="101" hits="1"/><line number="102" hits="1"/><line number="103" hits="1"/><line number="105" hits="6"/><line number="106" hits="1"/><line number="107" hits="1"/><line number="108" hits="1"/><line number="110" hits="5"/><line number="111" hits="4"/><line number="112" hits="3"/><line number="113" hits="1"/><line number="114" hits="1"/><line number="115" hits="1"/><line number="118" hits="3"/><line number="119" hits="1"/><line number="120" hits="1"/><line number="121" hits="2"/><line number="122" hits="1"/><line number="124" hits="1"/><line number="129" hits="12"/><line number="130" hits="12"/><line number="131" hits="24"/><line number="132" hits="12"/><line number="133" hits="12"/><line number="134" hits="12"/><line number="137" hits="12"/><line number="142" hits="3"/><line number="146" hits="6"/><line number="147" hits="9"/><line number="148" hits="9"/><line number="149" hits="7"/><line number="150" hits="1"/><line number="151" hits="1"/><line number="152" hits="1"/><line number="153" hits="1"/><line number="155" hits="1"/><line number="161" hits="2"/><line number="162" hits="2"/><line number="163" hits="4"/><line number="164" hits="2"/><line number="165" hits="2"/><line number="166" hits="2"/><line number="169" hits="2"/><line number="172" hits="0"/><line number="177" hits="32"/><line number="185" hits="96"/><line number="186" hits="0"/><line number="188" hits="32"/><line number="192" hits="96"/><line number="197" hits="66"/><line number="198" hits="7"/><line number="199" hits="2"/><line number="200" hits="2"/><line number="201" hits="1"/><line number="202" hits="0"/><line number="203" hits="0"/><line number="204" hits="0"/><line number="207" hits="5"/><line number="208" hits="6"/><line number="211" hits="1"/><line number="213" hits="0"/><line number="216" hits="1"/><line number="217" hits="1"/><line number="218" hits="2"/><line number="219" hits="2"/><line number="220" hits="2"/><line number="221" hits="1"/><line number="222" hits="1"/><line number="223" hits="1"/><line number="226" hits="1"/><line number="232" hits="91"/><line number="233" hits="62"/><line number="234" hits="4"/><line number="235" hits="4"/><line number="237" hits="54"/><line number="238" hits="1"/><line number="239" hits="1"/><line number="241" hits="52"/><line number="242" hits="1"/><line number="243" hits="1"/><line number="245" hits="50"/><line number="246" hits="1"/><line number="247" hits="1"/><line number="251" hits="26"/><line number="252" hits="23"/><line number="253" hits="22"/><line number="254" hits="21"/><line number="255" hits="20"/><line number="258" hits="19"/><line number="259" hits="18"/><line number="260" hits="17"/><line number="261" hits="16"/><line number="262" hits="15"/><line number="263" hits="14"/><line number="266" hits="13"/><line number="267" hits="1"/><line number="268" hits="1"/><line number="270" hits="12"/><line number="271" hits="1"/><line number="272" hits="1"/><line number="274" hits="11"/><line number="275" hits="1"/><line number="276" hits="1"/><line number="280" hits="10"/><line number="281" hits="1"/><line number="282" hits="1"/><line number="284" hits="9"/><line number="285" hits="8"/><line number="286" hits="1"/><line number="287" hits="1"/><line number="289" hits="6"/><line number="290" hits="7"/><line number="291" hits="1"/><line number="292" hits="1"/><line number="296" hits="6"/><line number="297" hits="1"/><line number="298" hits="1"/><line number="300" hits="5"/><line number="301" hits="1"/><line number="302" hits="1"/><line number="306" hits="3"/><line number="307" hits="0"/><line number="308" hits="0"/><line number="310" hits="3"/><line number="311" hits="0"/><line number="312" hits="0"/><line number="316" hits="3"/><line number="317" hits="0"/><line number="318" hits="0"/><line number="320" hits="3"/><line number="321" hits="0"/><line number="322" hits="0"/><line number="324" hits="3"/><line number="325" hits="0"/><line number="326" hits="0"/><line number="328" hits="3"/><line number="329" hits="0"/><line number="330" hits="0"/><line number="332" hits="3"/><line number="333" hits="0"/><line number="334" hits="0"/><line number="338" hits="3"/><line number="339" hits="0"/><line number="340" hits="0"/><line number="342" hits="3"/><line number="343" hits="0"/><line number="344" hits="0"/><line number="348" hits="4"/><line number="349" hits="1"/><line number="350" hits="1"/><line number="352" hits="3"/><line number="353" hits="1"/><line number="354" hits="1"/><line number="358" hits="1"/><line number="359" hits="1"/><line number="360" hits="0"/><line number="361" hits="0"/><line number="365" hits="1"/><line number="366" hits="0"/><line number="367" hits="0"/><line number="369" hits="1"/><line number="370" hits="0"/><line number="371" hits="0"/><line number="373" hits="1"/><line number="374" hits="1"/><line number="377" hits="1"/><line number="378" hits="0"/><line number="379" hits="0"/><line number="382" hits="1"/><line number="383" hits="1"/><line number="386" hits="1"/><line number="387" hits="0"/><line number="388" hits="0"/><line number="392" hits="1"/><line number="393" hits="1"/><line number="396" hits="1"/><line number="397" hits="0"/><line number="398" hits="0"/><line number="400" hits="1"/><line number="401" hits="0"/><line number="402" hits="0"/><line number="404" hits="1"/><line number="405" hits="0"/><line number="406" hits="0"/><line number="410" hits="1"/><line number="411" hits="0"/><line number="412" hits="0"/><line number="414" hits="1"/><line number="415" hits="0"/><line number="416" hits="0"/><line number="420" hits="1"/><line number="421" hits="0"/><line number="422" hits="0"/><line number="426" hits="1"/><line number="427" hits="1"/><line number="428" hits="0"/><line number="429" hits="0"/><line number="432" hits="1"/><line number="435" hits="30"/><line number="436" hits="30"/><line number="437" hits="60"/><line number="438" hits="30"/><line number="440" hits="30"/></lines></class><class name="lib" filename="crates/ferrotexd/src/lib.rs" line-rate="0.75" branch-rate="0" complexity="0"><methods/><lines><line number="125" hits="9"/><line number="140" hits="8"/><line number="141" hits="16"/><line number="142" hits="24"/><line number="144" hits="32"/><line number="145" hits="8"/><line number="147" hits="8"/><line number="148" hits="8"/><line number="151" hits="0"/><line number="152" hits="0"/><line number="154" hits="0"/><line number="155" hits="0"/><line number="156" hits="0"/><line number="157" hits="0"/><line number="158" hits="0"/><line number="159" hits="0"/><line number="160" hits="0"/><line number="161" hits="0"/><line number="162" hits="0"/><line number="163" hits="0"/><line number="164" hits="0"/><line number="170" hits="0"/><line number="172" hits="0"/><line number="173" hits="0"/><line number="174" hits="0"/><line number="176" hits="0"/><line number="177" hits="0"/><line number="190" hits="0"/><line number="191" hits="0"/><line number="192" hits="0"/><line number="196" hits="0"/><line number="197" hits="0"/><line number="200" hits="0"/><line number="201" hits="0"/><line number="202" hits="0"/><line number="203" hits="0"/><line number="204" hits="0"/><line number="205" hits="0"/><line number="206" hits="0"/><line number="207" hits="0"/><line number="213" hits="0"/><line number="265" hits="8"/><line number="281" hits="8"/><line number="282" hits="24"/><line number="283" hits="16"/><line number="284" hits="14"/><line number="285" hits="28"/><line number="287" hits="8"/><line number="289" hits="8"/><line number="290" hits="24"/><line number="292" hits="80"/><line number="293" hits="14"/><line number="294" hits="14"/><line number="295" hits="42"/><line number="296" hits="54"/><line number="297" hits="12"/><line number="298" hits="24"/><line number="300" hits="12"/><line number="301" hits="18"/><line number="302" hits="18"/><line number="303" hits="12"/><line number="305" hits="6"/><line number="306" hits="6"/><line number="308" hits="12"/><line number="309" hits="24"/><line number="310" hits="18"/><line number="311" hits="18"/><line number="312" hits="18"/><line number="313" hits="12"/><line number="314" hits="12"/><line number="315" hits="6"/><line number="316" hits="6"/><line number="320" hits="6"/><line number="321" hits="24"/><line number="322" hits="6"/><line number="329" hits="0"/><line number="337" hits="1"/><line number="341" hits="14"/><line number="349" hits="2"/><line number="366" hits="2"/><line number="369" hits="0"/><line number="377" hits="2"/><line number="389" hits="1"/><line number="390" hits="1"/><line number="391" hits="3"/><line number="392" hits="2"/><line number="394" hits="1"/><line number="396" hits="1"/><line number="397" hits="1"/><line number="399" hits="2"/><line number="401" hits="1"/><line number="403" hits="0"/><line number="404" hits="0"/><line number="405" hits="0"/><line number="407" hits="0"/><line number="409" hits="0"/><line number="417" hits="2"/><line number="418" hits="2"/><line number="419" hits="2"/><line number="421" hits="0"/><line number="434" hits="1"/><line number="435" hits="5"/><line number="436" hits="1"/><line number="445" hits="2"/><line number="446" hits="2"/><line number="447" hits="2"/><line number="448" hits="2"/><line number="450" hits="0"/><line number="452" hits="1"/><line number="453" hits="5"/><line number="454" hits="1"/><line number="474" hits="10"/><line number="475" hits="5"/><line number="476" hits="5"/><line number="477" hits="15"/><line number="478" hits="10"/><line number="479" hits="5"/><line number="480" hits="15"/><line number="481" hits="5"/><line number="482" hits="15"/><line number="483" hits="20"/><line number="485" hits="5"/><line number="486" hits="15"/><line number="487" hits="10"/><line number="488" hits="5"/><line number="489" hits="15"/><line number="490" hits="5"/><line number="491" hits="15"/><line number="492" hits="20"/><line number="496" hits="5"/><line number="497" hits="10"/><line number="498" hits="10"/><line number="499" hits="10"/><line number="500" hits="10"/><line number="501" hits="10"/><line number="502" hits="10"/><line number="503" hits="15"/><line number="504" hits="15"/><line number="505" hits="15"/><line number="507" hits="10"/><line number="508" hits="10"/><line number="509" hits="10"/><line number="512" hits="5"/><line number="513" hits="10"/><line number="514" hits="10"/><line number="515" hits="10"/><line number="517" hits="5"/><line number="518" hits="5"/><line number="519" hits="5"/><line number="522" hits="5"/><line number="540" hits="1"/><line number="547" hits="1"/><line number="570" hits="1"/><line number="580" hits="1"/><line number="622" hits="32"/><line number="623" hits="48"/><line number="624" hits="48"/><line number="626" hits="32"/><line number="629" hits="48"/><line number="630" hits="48"/><line number="631" hits="64"/><line number="633" hits="25"/><line number="634" hits="18"/><line number="635" hits="18"/><line number="636" hits="9"/><line number="637" hits="6"/><line number="638" hits="9"/><line number="639" hits="9"/><line number="640" hits="9"/><line number="642" hits="6"/><line number="643" hits="6"/><line number="644" hits="6"/><line number="647" hits="6"/><line number="648" hits="3"/><line number="649" hits="3"/><line number="653" hits="64"/><line number="654" hits="48"/><line number="657" hits="32"/><line number="658" hits="16"/><line number="659" hits="0"/><line number="660" hits="0"/><line number="661" hits="0"/><line number="662" hits="0"/><line number="663" hits="0"/><line number="664" hits="0"/><line number="669" hits="32"/><line number="670" hits="96"/><line number="671" hits="16"/><line number="674" hits="32"/><line number="675" hits="32"/><line number="676" hits="16"/><line number="677" hits="2"/><line number="678" hits="2"/><line number="679" hits="4"/><line number="681" hits="2"/><line number="682" hits="3"/><line number="683" hits="0"/><line number="684" hits="1"/><line number="686" hits="0"/><line number="687" hits="0"/><line number="688" hits="0"/><line number="689" hits="0"/><line number="690" hits="0"/><line number="695" hits="1"/><line number="696" hits="0"/><line number="697" hits="0"/><line number="698" hits="0"/><line number="699" hits="0"/><line number="711" hits="4"/><line number="712" hits="6"/><line number="713" hits="6"/><line number="715" hits="4"/><line number="716" hits="4"/><line number="717" hits="2"/><line number="718" hits="2"/><line number="721" hits="6"/><line number="722" hits="8"/><line number="724" hits="2"/><line number="725" hits="2"/><line number="726" hits="2"/><line number="728" hits="0"/><line number="729" hits="0"/><line number="730" hits="0"/><line number="731" hits="0"/><line number="746" hits="1"/><line number="747" hits="2"/><line number="748" hits="2"/><line number="749" hits="2"/><line number="751" hits="3"/><line number="752" hits="3"/><line number="754" hits="11"/><line number="755" hits="27"/><line number="756" hits="17"/><line number="757" hits="0"/><line number="758" hits="1"/><line number="759" hits="7"/><line number="760" hits="0"/><line number="761" hits="1"/><line number="764" hits="24"/><line number="765" hits="40"/><line number="766" hits="40"/><line number="768" hits="8"/><line number="769" hits="1"/><line number="772" hits="14"/><line number="773" hits="14"/><line number="774" hits="1"/><line number="776" hits="6"/><line number="779" hits="21"/><line number="780" hits="14"/><line number="781" hits="14"/><line number="782" hits="28"/><line number="783" hits="7"/><line number="784" hits="7"/><line number="787" hits="7"/><line number="788" hits="7"/><line number="791" hits="1"/></lines></class><class name="macros" filename="crates/ferrotexd/src/macros.rs" line-rate="0.8787878787878788" branch-rate="0" complexity="0"><methods/><lines><line number="12" hits="64"/><line number="13" hits="128"/><line number="15" hits="1202"/><line number="16" hits="1074"/><line number="17" hits="429"/><line number="19" hits="17"/><line number="20" hits="143"/><line number="23" hits="47"/><line number="24" hits="30"/><line number="30" hits="64"/><line number="33" hits="17"/><line number="41" hits="51"/><line number="44" hits="73"/><line number="46" hits="122"/><line number="47" hits="183"/><line number="48" hits="183"/><line number="49" hits="117"/><line number="50" hits="56"/><line number="53" hits="0"/><line number="59" hits="34"/><line number="61" hits="32"/><line number="63" hits="48"/><line number="65" hits="176"/><line number="66" hits="32"/><line number="67" hits="28"/><line number="69" hits="2"/><line number="71" hits="1"/><line number="73" hits="2"/><line number="75" hits="0"/><line number="79" hits="30"/><line number="80" hits="30"/><line number="83" hits="30"/><line number="84" hits="30"/><line number="88" hits="15"/><line number="89" hits="12"/><line number="91" hits="12"/><line number="93" hits="6"/><line number="96" hits="24"/><line number="97" hits="36"/><line number="98" hits="12"/><line number="99" hits="6"/><line number="101" hits="18"/><line number="103" hits="0"/><line number="108" hits="0"/><line number="111" hits="36"/><line number="112" hits="18"/><line number="113" hits="6"/><line number="117" hits="12"/><line number="118" hits="12"/><line number="120" hits="6"/><line number="121" hits="2"/><line number="123" hits="4"/><line number="124" hits="2"/><line number="127" hits="8"/><line number="128" hits="8"/><line number="129" hits="0"/><line number="134" hits="6"/><line number="135" hits="2"/><line number="137" hits="0"/><line number="141" hits="0"/><line number="148" hits="15"/><line number="149" hits="30"/><line number="150" hits="30"/><line number="151" hits="30"/><line number="152" hits="15"/><line number="155" hits="0"/></lines></class><class name="main" filename="crates/ferrotexd/src/main.rs" line-rate="0" branch-rate="0" complexity="0"><methods/><lines><line number="16" hits="0"/><line number="17" hits="0"/><line number="19" hits="0"/><line number="20" hits="0"/><line number="22" hits="0"/><line number="23" hits="0"/><line number="24" hits="0"/><line number="25" hits="0"/><line number="26" hits="0"/><line number="27" hits="0"/><line number="28" hits="0"/><line number="29" hits="0"/><line number="31" hits="0"/><line number="32" hits="0"/><line number="35" hits="0"/></lines></class><class name="synctex" filename="crates/ferrotexd/src/synctex.rs" line-rate="0.8571428571428571" branch-rate="0" complexity="0"><methods/><lines><line number="22" hits="2"/><line number="28" hits="12"/><line number="30" hits="4"/><line number="31" hits="2"/><line number="35" hits="0"/><line number="36" hits="0"/><line number="39" hits="0"/><line number="40" hits="0"/><line number="43" hits="3"/><line number="44" hits="21"/><line number="45" hits="3"/><line number="46" hits="6"/><line number="47" hits="6"/><line number="48" hits="3"/><line number="49" hits="6"/><line number="50" hits="6"/><line number="55" hits="2"/><line number="64" hits="4"/><line number="65" hits="4"/><line number="66" hits="4"/><line number="68" hits="10"/><line number="69" hits="8"/><line number="70" hits="2"/><line number="71" hits="8"/><line number="72" hits="2"/><line number="73" hits="7"/><line number="74" hits="2"/><line number="78" hits="2"/><line number="79" hits="2"/><line number="81" hits="1"/><line number="86" hits="2"/><line number="87" hits="12"/><line number="88" hits="6"/><line number="90" hits="6"/><line number="91" hits="4"/><line number="95" hits="0"/><line number="96" hits="0"/><line number="99" hits="0"/><line number="100" hits="0"/><line number="103" hits="3"/><line number="105" hits="15"/><line number="106" hits="18"/><line number="110" hits="2"/><line number="116" hits="4"/><line number="117" hits="4"/><line number="119" hits="10"/><line number="120" hits="10"/><line number="121" hits="4"/><line number="122" hits="10"/><line number="123" hits="4"/><line number="127" hits="3"/><line number="128" hits="1"/><line number="129" hits="1"/><line number="130" hits="1"/><line number="131" hits="1"/><line number="133" hits="1"/></lines></class><class name="workspace" filename="crates/ferrotexd/src/workspace.rs" line-rate="0.8526785714285714" branch-rate="0" complexity="0"><methods/><lines><line number="122" hits="33"/><line number="123" hits="33"/><line number="137" hits="47"/><line number="139" hits="47"/><line number="140" hits="47"/><line number="141" hits="47"/><line number="142" hits="47"/><line number="143" hits="47"/><line number="144" hits="47"/><line number="145" hits="47"/><line number="146" hits="47"/><line number="147" hits="47"/><line number="148" hits="47"/><line number="149" hits="47"/><line number="150" hits="47"/><line number="152" hits="53"/><line number="153" hits="12"/><line number="155" hits="88"/><line number="158" hits="94"/><line number="159" hits="94"/><line number="160" hits="47"/><line number="161" hits="94"/><line number="162" hits="94"/><line number="163" hits="94"/><line number="164" hits="94"/><line number="165" hits="94"/><line number="166" hits="94"/><line number="167" hits="94"/><line number="168" hits="94"/><line number="169" hits="47"/><line number="170" hits="47"/><line number="178" hits="5"/><line number="179" hits="15"/><line number="180" hits="25"/><line number="184" hits="0"/><line number="185" hits="0"/><line number="186" hits="0"/><line number="190" hits="0"/><line number="191" hits="0"/><line number="192" hits="0"/><line number="193" hits="0"/><line number="198" hits="4"/><line number="199" hits="22"/><line number="205" hits="2"/><line number="206" hits="4"/><line number="209" hits="8"/><line number="210" hits="6"/><line number="214" hits="5"/><line number="216" hits="2"/><line number="217" hits="2"/><line number="218" hits="4"/><line number="219" hits="2"/><line number="221" hits="4"/><line number="222" hits="3"/><line number="229" hits="6"/><line number="234" hits="0"/><line number="235" hits="0"/><line number="236" hits="0"/><line number="237" hits="0"/><line number="244" hits="0"/><line number="245" hits="0"/><line number="246" hits="0"/><line number="248" hits="0"/><line number="249" hits="0"/><line number="250" hits="0"/><line number="251" hits="0"/><line number="255" hits="0"/><line number="256" hits="0"/><line number="257" hits="0"/><line number="258" hits="0"/><line number="264" hits="0"/><line number="265" hits="0"/><line number="266" hits="0"/><line number="269" hits="12"/><line number="270" hits="24"/><line number="272" hits="31"/><line number="273" hits="21"/><line number="274" hits="19"/><line number="275" hits="20"/><line number="276" hits="10"/><line number="281" hits="36"/><line number="285" hits="1"/><line number="286" hits="2"/><line number="287" hits="4"/><line number="288" hits="8"/><line number="289" hits="6"/><line number="292" hits="3"/><line number="296" hits="4"/><line number="297" hits="12"/><line number="299" hits="8"/><line number="300" hits="8"/><line number="301" hits="8"/><line number="302" hits="1"/><line number="306" hits="2"/><line number="307" hits="3"/><line number="308" hits="4"/><line number="309" hits="1"/><line number="315" hits="2"/><line number="319" hits="5"/><line number="320" hits="15"/><line number="322" hits="11"/><line number="323" hits="12"/><line number="324" hits="12"/><line number="325" hits="18"/><line number="327" hits="4"/><line number="328" hits="2"/><line number="330" hits="6"/><line number="332" hits="4"/><line number="333" hits="2"/><line number="335" hits="6"/><line number="337" hits="4"/><line number="338" hits="2"/><line number="340" hits="6"/><line number="343" hits="2"/><line number="347" hits="4"/><line number="350" hits="5"/><line number="351" hits="3"/><line number="352" hits="1"/><line number="357" hits="28"/><line number="358" hits="4"/><line number="364" hits="1"/><line number="365" hits="2"/><line number="366" hits="3"/><line number="367" hits="3"/><line number="368" hits="2"/><line number="369" hits="4"/><line number="373" hits="1"/><line number="379" hits="1"/><line number="380" hits="2"/><line number="381" hits="3"/><line number="382" hits="3"/><line number="383" hits="2"/><line number="384" hits="4"/><line number="388" hits="1"/><line number="394" hits="6"/><line number="395" hits="12"/><line number="396" hits="18"/><line number="399" hits="18"/><line number="400" hits="18"/><line number="401" hits="18"/><line number="404" hits="14"/><line number="405" hits="10"/><line number="406" hits="6"/><line number="407" hits="6"/><line number="408" hits="2"/><line number="409" hits="4"/><line number="410" hits="2"/><line number="416" hits="14"/><line number="417" hits="10"/><line number="418" hits="6"/><line number="419" hits="6"/><line number="420" hits="2"/><line number="421" hits="4"/><line number="422" hits="2"/><line number="428" hits="12"/><line number="429" hits="9"/><line number="430" hits="9"/><line number="431" hits="9"/><line number="432" hits="3"/><line number="433" hits="6"/><line number="434" hits="3"/><line number="440" hits="12"/><line number="441" hits="7"/><line number="442" hits="3"/><line number="443" hits="3"/><line number="444" hits="1"/><line number="445" hits="2"/><line number="446" hits="1"/><line number="453" hits="12"/><line number="454" hits="0"/><line number="455" hits="0"/><line number="457" hits="0"/><line number="458" hits="0"/><line number="459" hits="0"/><line number="460" hits="0"/><line number="461" hits="0"/><line number="462" hits="0"/><line number="463" hits="0"/><line number="469" hits="6"/><line number="474" hits="3"/><line number="475" hits="6"/><line number="477" hits="9"/><line number="478" hits="9"/><line number="479" hits="9"/><line number="480" hits="8"/><line number="481" hits="3"/><line number="482" hits="3"/><line number="483" hits="2"/><line number="484" hits="1"/><line number="486" hits="1"/><line number="489" hits="5"/><line number="490" hits="3"/><line number="491" hits="3"/><line number="492" hits="2"/><line number="493" hits="1"/><line number="499" hits="3"/><line number="505" hits="3"/><line number="506" hits="6"/><line number="508" hits="9"/><line number="509" hits="3"/><line number="510" hits="2"/><line number="511" hits="2"/><line number="512" hits="8"/><line number="514" hits="1"/><line number="518" hits="6"/><line number="519" hits="6"/><line number="520" hits="5"/><line number="521" hits="3"/><line number="522" hits="3"/><line number="523" hits="2"/><line number="524" hits="1"/><line number="530" hits="2"/><line number="536" hits="18"/><line number="537" hits="36"/><line number="540" hits="54"/><line number="541" hits="54"/><line number="542" hits="48"/><line number="543" hits="18"/><line number="544" hits="24"/><line number="546" hits="18"/><line number="551" hits="33"/><line number="552" hits="5"/><line number="553" hits="9"/><line number="554" hits="6"/><line number="555" hits="6"/><line number="556" hits="4"/><line number="557" hits="2"/><line number="564" hits="54"/><line number="565" hits="40"/><line number="566" hits="9"/><line number="567" hits="3"/><line number="568" hits="3"/><line number="569" hits="2"/><line number="570" hits="1"/><line number="576" hits="18"/><line number="580" hits="0"/><line number="581" hits="0"/><line number="583" hits="0"/><line number="584" hits="0"/><line number="585" hits="0"/><line number="586" hits="0"/><line number="587" hits="0"/><line number="588" hits="0"/><line number="589" hits="0"/><line number="590" hits="0"/><line number="595" hits="0"/><line number="601" hits="2"/><line number="602" hits="4"/><line number="605" hits="6"/><line number="607" hits="9"/><line number="608" hits="15"/><line number="609" hits="10"/><line number="610" hits="10"/><line number="611" hits="15"/><line number="614" hits="20"/><line number="615" hits="25"/><line number="618" hits="25"/><line number="621" hits="12"/><line number="624" hits="17"/><line number="625" hits="15"/><line number="626" hits="30"/><line number="630" hits="4"/><line number="631" hits="6"/><line number="632" hits="4"/><line number="634" hits="3"/><line number="635" hits="4"/><line number="636" hits="4"/><line number="640" hits="2"/><line number="644" hits="10"/><line number="652" hits="40"/><line number="653" hits="40"/><line number="655" hits="30"/><line number="656" hits="42"/><line number="657" hits="18"/><line number="659" hits="6"/><line number="661" hits="2"/><line number="663" hits="10"/><line number="664" hits="19"/><line number="665" hits="30"/><line number="670" hits="20"/><line number="689" hits="54"/><line number="691" hits="108"/><line number="692" hits="0"/><line number="694" hits="54"/><line number="699" hits="216"/><line number="700" hits="276"/><line number="702" hits="162"/><line number="703" hits="162"/><line number="704" hits="108"/><line number="705" hits="108"/><line number="706" hits="108"/><line number="707" hits="108"/><line number="708" hits="108"/><line number="709" hits="108"/><line number="710" hits="108"/><line number="711" hits="108"/><line number="713" hits="108"/><line number="714" hits="162"/><line number="715" hits="162"/><line number="716" hits="162"/><line number="718" hits="1058"/><line number="719" hits="950"/><line number="721" hits="16"/><line number="722" hits="8"/><line number="724" hits="8"/><line number="725" hits="12"/><line number="726" hits="28"/><line number="727" hits="8"/><line number="728" hits="14"/><line number="729" hits="8"/><line number="730" hits="2"/><line number="732" hits="2"/><line number="734" hits="4"/><line number="735" hits="4"/><line number="736" hits="4"/><line number="740" hits="4"/><line number="741" hits="4"/><line number="744" hits="942"/><line number="745" hits="942"/><line number="747" hits="3520"/><line number="748" hits="434"/><line number="751" hits="942"/><line number="752" hits="375"/><line number="753" hits="750"/><line number="754" hits="375"/><line number="756" hits="4"/><line number="757" hits="6"/><line number="758" hits="4"/><line number="759" hits="4"/><line number="760" hits="4"/><line number="761" hits="4"/><line number="762" hits="2"/><line number="766" hits="8"/><line number="767" hits="10"/><line number="770" hits="500"/><line number="772" hits="250"/><line number="773" hits="750"/><line number="774" hits="625"/><line number="777" hits="375"/><line number="779" hits="114"/><line number="780" hits="57"/><line number="781" hits="0"/><line number="782" hits="0"/><line number="783" hits="0"/><line number="789" hits="114"/><line number="790" hits="57"/><line number="791" hits="0"/><line number="792" hits="0"/><line number="797" hits="57"/><line number="799" hits="0"/><line number="800" hits="0"/><line number="801" hits="0"/><line number="802" hits="0"/><line number="803" hits="0"/><line number="804" hits="0"/><line number="805" hits="0"/><line number="808" hits="0"/><line number="809" hits="0"/><line number="810" hits="0"/><line number="811" hits="0"/><line number="814" hits="0"/><line number="816" hits="0"/><line number="819" hits="228"/><line number="822" hits="68"/><line number="825" hits="1056"/><line number="826" hits="239"/><line number="828" hits="7"/><line number="830" hits="7"/><line number="833" hits="237"/><line number="834" hits="171"/><line number="835" hits="285"/><line number="836" hits="171"/><line number="838" hits="57"/><line number="839" hits="93"/><line number="840" hits="66"/><line number="841" hits="38"/><line number="842" hits="32"/><line number="843" hits="32"/><line number="846" hits="78"/><line number="847" hits="22"/><line number="848" hits="22"/><line number="849" hits="24"/><line number="852" hits="51"/><line number="857" hits="76"/><line number="858" hits="76"/><line number="860" hits="38"/><line number="862" hits="90"/><line number="872" hits="162"/><line number="873" hits="216"/><line number="874" hits="108"/><line number="876" hits="169"/><line number="877" hits="14"/><line number="878" hits="24"/><line number="879" hits="30"/><line number="880" hits="10"/><line number="881" hits="40"/><line number="883" hits="30"/><line number="884" hits="30"/><line number="887" hits="1"/><line number="888" hits="4"/><line number="889" hits="3"/><line number="890" hits="3"/><line number="893" hits="2"/><line number="894" hits="2"/><line number="896" hits="4"/><line number="903" hits="162"/><line number="906" hits="108"/><line number="907" hits="108"/><line number="908" hits="108"/><line number="909" hits="108"/><line number="910" hits="108"/><line number="911" hits="108"/><line number="912" hits="108"/><line number="913" hits="108"/><line number="914" hits="108"/><line number="915" hits="54"/><line number="916" hits="54"/><line number="920" hits="3"/><line number="921" hits="9"/><line number="924" hits="25"/><line number="925" hits="50"/><line number="926" hits="6"/><line number="928" hits="88"/><line number="930" hits="75"/><line number="931" hits="75"/><line number="934" hits="25"/><line number="935" hits="0"/><line number="938" hits="50"/><line number="939" hits="50"/><line number="940" hits="25"/><line number="942" hits="0"/><line number="945" hits="25"/><line number="948" hits="3"/><line number="949" hits="3"/><line number="952" hits="72"/><line number="953" hits="72"/><line number="954" hits="120"/><line number="957" hits="120"/><line number="958" hits="72"/><line number="960" hits="96"/><line number="963" hits="13"/><line number="964" hits="39"/><line number="965" hits="26"/><line number="966" hits="3"/><line number="969" hits="30"/><line number="970" hits="14"/><line number="971" hits="8"/><line number="974" hits="40"/></lines></class></classes></package><package name="crates/ferrotex-syntax/benches" line-rate="0" branch-rate="0" complexity="0"><classes></classes></package><package name="" line-rate="0.8737732656514382" branch-rate="0" complexity="0"><classes></classes></package><package name="crates/ferrotex-log/tests" line-rate="0" branch-rate="0" complexity="0"><classes></classes></package><package name="crates/ferrotex-math-semantics/src" line-rate="0.9516129032258065" branch-rate="0" complexity="0"><classes><class name="analysis" filename="crates/ferrotex-math-semantics/src/analysis.rs" line-rate="0.896551724137931" branch-rate="0" complexity="0"><methods/><lines><line number="32" hits="11"/><line number="33" hits="22"/><line number="34" hits="22"/><line number="36" hits="44"/><line number="37" hits="385"/><line number="38" hits="187"/><line number="39" hits="165"/><line number="40" hits="495"/><line number="41" hits="495"/><line number="43" hits="165"/><line number="44" hits="177"/><line number="45" hits="81"/><line number="46" hits="22"/><line number="49" hits="106"/><line number="50" hits="43"/><line number="51" hits="27"/><line number="52" hits="9"/><line number="53" hits="34"/><line number="55" hits="6"/><line number="56" hits="3"/><line number="57" hits="3"/><line number="59" hits="0"/><line number="60" hits="0"/><line number="62" hits="6"/><line number="63" hits="3"/><line number="65" hits="9"/><line number="66" hits="3"/><line number="67" hits="24"/><line number="68" hits="12"/><line number="69" hits="3"/><line number="71" hits="6"/><line number="73" hits="3"/><line number="76" hits="6"/><line number="77" hits="9"/><line number="78" hits="12"/><line number="79" hits="6"/><line number="80" hits="6"/><line number="82" hits="0"/><line number="83" hits="0"/><line number="85" hits="6"/><line number="86" hits="12"/><line number="87" hits="6"/><line number="88" hits="6"/><line number="91" hits="0"/><line number="96" hits="44"/><line number="104" hits="33"/><line number="106" hits="22"/><line number="107" hits="0"/><line number="111" hits="22"/><line number="112" hits="51"/><line number="113" hits="9"/><line number="114" hits="6"/><line number="115" hits="3"/><line number="116" hits="3"/><line number="117" hits="3"/><line number="118" hits="3"/><line number="124" hits="8"/><line number="125" hits="8"/></lines></class><class name="delimiters" filename="crates/ferrotex-math-semantics/src/delimiters.rs" line-rate="1" branch-rate="0" complexity="0"><methods/><lines><line number="19" hits="41"/><line number="20" hits="82"/><line number="21" hits="123"/><line number="24" hits="82"/><line number="25" hits="82"/><line number="28" hits="84"/><line number="29" hits="2"/><line number="31" hits="8"/><line number="32" hits="6"/><line number="37" hits="84"/><line number="38" hits="2"/><line number="39" hits="8"/><line number="40" hits="8"/><line number="41" hits="3"/><line number="42" hits="3"/><line number="43" hits="2"/><line number="44" hits="1"/><line number="49" hits="42"/><line number="50" hits="3"/><line number="51" hits="3"/><line number="52" hits="1"/><line number="57" hits="123"/><line number="59" hits="2972"/><line number="60" hits="1445"/><line number="61" hits="258"/><line number="63" hits="5"/><line number="64" hits="2"/><line number="66" hits="3"/><line number="67" hits="2"/><line number="68" hits="1"/><line number="69" hits="1"/><line number="71" hits="1"/><line number="76" hits="2"/><line number="77" hits="1"/><line number="79" hits="3"/><line number="80" hits="2"/><line number="81" hits="1"/><line number="82" hits="1"/><line number="84" hits="1"/><line number="89" hits="158"/><line number="90" hits="79"/><line number="92" hits="3"/><line number="93" hits="2"/><line number="94" hits="1"/><line number="95" hits="1"/><line number="97" hits="1"/><line number="101" hits="1276"/><line number="106" hits="57"/><line number="107" hits="12"/><line number="108" hits="8"/><line number="109" hits="4"/><line number="113" hits="41"/></lines></class><class name="lib" filename="crates/ferrotex-math-semantics/src/lib.rs" line-rate="1" branch-rate="0" complexity="0"><methods/><lines><line number="73" hits="5"/><line number="74" hits="10"/><line number="75" hits="1"/><line number="76" hits="6"/><line number="77" hits="4"/><line number="78" hits="2"/><line number="82" hits="1"/><line number="87" hits="6"/><line number="88" hits="12"/><line number="89" hits="1"/><line number="90" hits="1"/><line number="91" hits="6"/><line number="92" hits="3"/><line number="96" hits="1"/></lines></class></classes></package><package name="crates/ferrotex-cli/src" line-rate="0.7636363636363637" branch-rate="0" complexity="0"><classes><class name="lib" filename="crates/ferrotex-cli/src/lib.rs" line-rate="0.7570093457943925" branch-rate="0" complexity="0"><methods/><lines><line number="54" hits="5"/><line number="55" hits="5"/><line number="56" hits="2"/><line number="57" hits="6"/><line number="58" hits="4"/><line number="59" hits="8"/><line number="60" hits="8"/><line number="62" hits="1"/><line number="63" hits="3"/><line number="68" hits="0"/><line number="75" hits="2"/><line number="76" hits="3"/><line number="78" hits="1"/><line number="79" hits="3"/><line number="82" hits="3"/><line number="85" hits="1"/><line number="88" hits="2"/><line number="90" hits="1"/><line number="91" hits="1"/><line number="92" hits="1"/><line number="93" hits="1"/><line number="94" hits="1"/><line number="95" hits="1"/><line number="99" hits="1"/><line number="100" hits="1"/><line number="101" hits="2"/><line number="102" hits="2"/><line number="105" hits="4"/><line number="106" hits="1"/><line number="107" hits="0"/><line number="108" hits="3"/><line number="111" hits="1"/><line number="114" hits="4"/><line number="118" hits="12"/><line number="119" hits="3"/><line number="120" hits="3"/><line number="121" hits="6"/><line number="124" hits="6"/><line number="125" hits="12"/><line number="126" hits="9"/><line number="127" hits="3"/><line number="128" hits="2"/><line number="129" hits="1"/><line number="130" hits="1"/><line number="133" hits="6"/><line number="134" hits="4"/><line number="135" hits="6"/><line number="136" hits="8"/><line number="138" hits="3"/><line number="139" hits="1"/><line number="141" hits="3"/><line number="142" hits="3"/><line number="143" hits="2"/><line number="144" hits="1"/><line number="148" hits="3"/><line number="149" hits="2"/><line number="150" hits="1"/><line number="152" hits="4"/><line number="153" hits="2"/><line number="157" hits="3"/><line number="162" hits="12"/><line number="163" hits="6"/><line number="165" hits="3"/><line number="166" hits="6"/><line number="167" hits="4"/><line number="168" hits="6"/><line number="169" hits="8"/><line number="170" hits="4"/><line number="171" hits="4"/><line number="173" hits="2"/><line number="174" hits="1"/><line number="176" hits="2"/><line number="177" hits="2"/><line number="178" hits="3"/><line number="179" hits="2"/><line number="180" hits="3"/><line number="181" hits="3"/><line number="182" hits="4"/><line number="183" hits="1"/><line number="184" hits="0"/><line number="187" hits="3"/><line number="190" hits="2"/><line number="191" hits="4"/><line number="192" hits="6"/><line number="193" hits="0"/><line number="196" hits="0"/><line number="197" hits="0"/><line number="198" hits="0"/><line number="199" hits="0"/><line number="200" hits="0"/><line number="201" hits="0"/><line number="202" hits="0"/><line number="203" hits="0"/><line number="204" hits="0"/><line number="208" hits="0"/><line number="209" hits="0"/><line number="210" hits="0"/><line number="212" hits="0"/><line number="214" hits="0"/><line number="215" hits="0"/><line number="216" hits="0"/><line number="217" hits="0"/><line number="218" hits="0"/><line number="219" hits="0"/><line number="220" hits="0"/><line number="224" hits="0"/><line number="228" hits="0"/></lines></class><class name="main" filename="crates/ferrotex-cli/src/main.rs" line-rate="1" branch-rate="0" complexity="0"><methods/><lines><line number="4" hits="4"/><line number="5" hits="8"/><line number="6" hits="8"/></lines></class></classes></package><package name="crates/ferrotex-core/src/math_validator" line-rate="0.9444444444444444" branch-rate="0" complexity="0"><classes><class name="delimiter_validator" filename="crates/ferrotex-core/src/math_validator/delimiter_validator.rs" line-rate="0.9285714285714286" branch-rate="0" complexity="0"><methods/><lines><line number="58" hits="9"/><line number="59" hits="9"/><line number="83" hits="9"/><line number="84" hits="27"/><line number="86" hits="47"/><line number="87" hits="19"/><line number="93" hits="10"/><line number="94" hits="20"/><line number="102" hits="17"/><line number="103" hits="20"/><line number="104" hits="12"/><line number="105" hits="8"/><line number="106" hits="8"/><line number="107" hits="12"/><line number="108" hits="4"/><line number="112" hits="3"/><line number="113" hits="2"/><line number="114" hits="1"/><line number="122" hits="15"/><line number="123" hits="6"/><line number="124" hits="4"/><line number="125" hits="2"/><line number="135" hits="3"/><line number="136" hits="3"/><line number="158" hits="9"/><line number="159" hits="9"/><line number="164" hits="0"/><line number="165" hits="0"/></lines></class><class name="mod" filename="crates/ferrotex-core/src/math_validator/mod.rs" line-rate="0.9545454545454546" branch-rate="0" complexity="0"><methods/><lines><line number="163" hits="7"/><line number="164" hits="14"/><line number="167" hits="14"/><line number="168" hits="21"/><line number="169" hits="21"/><line number="170" hits="21"/><line number="171" hits="21"/><line number="172" hits="21"/><line number="173" hits="21"/><line number="176" hits="21"/><line number="179" hits="21"/><line number="180" hits="21"/><line number="181" hits="21"/><line number="182" hits="21"/><line number="183" hits="21"/><line number="184" hits="21"/><line number="185" hits="21"/><line number="186" hits="21"/><line number="187" hits="21"/><line number="190" hits="21"/><line number="191" hits="21"/><line number="192" hits="21"/><line number="193" hits="21"/><line number="194" hits="21"/><line number="195" hits="21"/><line number="196" hits="21"/><line number="197" hits="21"/><line number="199" hits="28"/><line number="203" hits="17"/><line number="204" hits="7"/><line number="205" hits="34"/><line number="258" hits="3"/><line number="259" hits="3"/><line number="261" hits="1"/><line number="262" hits="1"/><line number="265" hits="1"/><line number="270" hits="1"/><line number="271" hits="2"/><line number="273" hits="0"/><line number="274" hits="0"/><line number="277" hits="1"/><line number="278" hits="1"/><line number="279" hits="1"/><line number="282" hits="1"/></lines></class></classes></package><package name="crates/ferrotex-analysis/src" line-rate="1" branch-rate="0" complexity="0"><classes><class name="lib" filename="crates/ferrotex-analysis/src/lib.rs" line-rate="1" branch-rate="0" complexity="0"><methods/><lines><line number="43" hits="1"/><line number="44" hits="1"/><line number="49" hits="8"/><line number="51" hits="8"/><line number="54" hits="8"/><line number="59" hits="7"/><line number="60" hits="7"/><line number="61" hits="1"/><line number="62" hits="1"/><line number="67" hits="11"/><line number="68" hits="5"/><line number="69" hits="3"/><line number="70" hits="6"/><line number="71" hits="1"/><line number="72" hits="1"/><line number="73" hits="1"/><line number="76" hits="8"/><line number="77" hits="2"/><line number="79" hits="6"/><line number="81" hits="2"/><line number="82" hits="4"/><line number="83" hits="2"/><line number="87" hits="1"/><line number="91" hits="1"/><line number="95" hits="1"/><line number="99" hits="2"/><line number="100" hits="2"/><line number="101" hits="4"/><line number="106" hits="2"/><line number="108" hits="2"/><line number="115" hits="1"/></lines></class></classes></package><package name="crates/ferrotex-core/src/package_manager" line-rate="0.9455782312925171" branch-rate="0" complexity="0"><classes><class name="ctan_db" filename="crates/ferrotex-core/src/package_manager/ctan_db.rs" line-rate="0.9672131147540983" branch-rate="0" complexity="0"><methods/><lines><line number="10" hits="1"/><line number="11" hits="2"/><line number="14" hits="2"/><line number="15" hits="4"/><line number="16" hits="4"/><line number="17" hits="4"/><line number="18" hits="4"/><line number="21" hits="4"/><line number="22" hits="4"/><line number="23" hits="4"/><line number="24" hits="4"/><line number="25" hits="4"/><line number="28" hits="4"/><line number="29" hits="4"/><line number="30" hits="4"/><line number="31" hits="4"/><line number="32" hits="4"/><line number="35" hits="4"/><line number="36" hits="4"/><line number="37" hits="4"/><line number="40" hits="4"/><line number="41" hits="4"/><line number="42" hits="4"/><line number="45" hits="4"/><line number="46" hits="4"/><line number="47" hits="4"/><line number="48" hits="4"/><line number="51" hits="4"/><line number="52" hits="4"/><line number="53" hits="4"/><line number="54" hits="4"/><line number="57" hits="4"/><line number="58" hits="4"/><line number="59" hits="4"/><line number="62" hits="4"/><line number="63" hits="4"/><line number="66" hits="4"/><line number="67" hits="4"/><line number="68" hits="4"/><line number="71" hits="4"/><line number="72" hits="4"/><line number="75" hits="4"/><line number="76" hits="4"/><line number="79" hits="4"/><line number="80" hits="4"/><line number="83" hits="4"/><line number="84" hits="4"/><line number="85" hits="4"/><line number="86" hits="4"/><line number="87" hits="4"/><line number="90" hits="4"/><line number="91" hits="4"/><line number="94" hits="4"/><line number="95" hits="4"/><line number="96" hits="4"/><line number="99" hits="4"/><line number="100" hits="4"/><line number="106" hits="14"/><line number="107" hits="56"/><line number="111" hits="0"/><line number="112" hits="0"/></lines></class><class name="mod" filename="crates/ferrotex-core/src/package_manager/mod.rs" line-rate="0.9302325581395349" branch-rate="0" complexity="0"><methods/><lines><line number="155" hits="1"/><line number="156" hits="3"/><line number="157" hits="2"/><line number="158" hits="1"/><line number="160" hits="2"/><line number="255" hits="1"/><line number="258" hits="1"/><line number="263" hits="5"/><line number="269" hits="2"/><line number="271" hits="10"/><line number="273" hits="2"/><line number="274" hits="3"/><line number="275" hits="1"/><line number="276" hits="3"/><line number="277" hits="2"/><line number="278" hits="1"/><line number="282" hits="1"/><line number="283" hits="3"/><line number="284" hits="1"/><line number="285" hits="1"/><line number="289" hits="3"/><line number="290" hits="6"/><line number="291" hits="3"/><line number="292" hits="15"/><line number="294" hits="3"/><line number="295" hits="1"/><line number="298" hits="6"/><line number="299" hits="4"/><line number="301" hits="22"/><line number="302" hits="12"/><line number="303" hits="6"/><line number="306" hits="2"/><line number="309" hits="1"/><line number="310" hits="1"/><line number="323" hits="1"/><line number="326" hits="1"/><line number="331" hits="3"/><line number="337" hits="2"/><line number="339" hits="10"/><line number="341" hits="2"/><line number="342" hits="3"/><line number="343" hits="1"/><line number="344" hits="3"/><line number="345" hits="2"/><line number="346" hits="1"/><line number="350" hits="1"/><line number="351" hits="3"/><line number="352" hits="1"/><line number="353" hits="1"/><line number="357" hits="1"/><line number="359" hits="1"/><line number="362" hits="1"/><line number="363" hits="1"/><line number="371" hits="4"/><line number="372" hits="4"/><line number="373" hits="12"/><line number="374" hits="8"/><line number="375" hits="4"/><line number="378" hits="1"/><line number="379" hits="1"/><line number="381" hits="1"/><line number="382" hits="1"/><line number="416" hits="1"/><line number="417" hits="1"/><line number="425" hits="39"/><line number="427" hits="39"/><line number="428" hits="0"/><line number="429" hits="0"/><line number="430" hits="0"/><line number="433" hits="39"/><line number="434" hits="0"/><line number="435" hits="0"/><line number="436" hits="0"/><line number="440" hits="39"/><line number="442" hits="39"/><line number="447" hits="6"/><line number="452" hits="6"/><line number="453" hits="12"/><line number="457" hits="2"/><line number="458" hits="4"/><line number="462" hits="2"/><line number="463" hits="2"/><line number="467" hits="1"/><line number="468" hits="2"/><line number="469" hits="1"/><line number="470" hits="2"/></lines></class></classes></package><package name="crates/ferrotex-log/src" line-rate="0.9797979797979798" branch-rate="0" complexity="0"><classes><class name="ir" filename="crates/ferrotex-log/src/ir.rs" line-rate="1" branch-rate="0" complexity="0"><methods/><lines><line number="14" hits="208"/><line number="24" hits="175"/><line number="25" hits="175"/></lines></class><class name="parser" filename="crates/ferrotex-log/src/parser.rs" line-rate="0.9794871794871794" branch-rate="0" complexity="0"><methods/><lines><line number="17" hits="1"/><line number="18" hits="1"/><line number="24" hits="69"/><line number="26" hits="138"/><line number="27" hits="69"/><line number="28" hits="69"/><line number="42" hits="364"/><line number="43" hits="1092"/><line number="44" hits="728"/><line number="52" hits="54"/><line number="54" hits="54"/><line number="55" hits="50"/><line number="56" hits="75"/><line number="57" hits="25"/><line number="59" hits="75"/><line number="60" hits="75"/><line number="62" hits="108"/><line number="66" hits="389"/><line number="67" hits="778"/><line number="76" hits="613"/><line number="77" hits="112"/><line number="79" hits="277"/><line number="82" hits="224"/><line number="83" hits="560"/><line number="85" hits="336"/><line number="86" hits="41"/><line number="88" hits="71"/><line number="101" hits="448"/><line number="102" hits="224"/><line number="103" hits="1429"/><line number="104" hits="1756"/><line number="105" hits="439"/><line number="108" hits="224"/><line number="109" hits="224"/><line number="122" hits="336"/><line number="124" hits="20204"/><line number="126" hits="20014"/><line number="127" hits="350"/><line number="128" hits="350"/><line number="129" hits="350"/><line number="132" hits="19314"/><line number="133" hits="19314"/><line number="135" hits="19314"/><line number="136" hits="28971"/><line number="138" hits="19314"/><line number="139" hits="28971"/><line number="140" hits="19314"/><line number="142" hits="9657"/><line number="145" hits="436"/><line number="147" hits="218"/><line number="148" hits="218"/><line number="149" hits="109"/><line number="150" hits="109"/><line number="153" hits="109"/><line number="155" hits="17"/><line number="164" hits="184"/><line number="165" hits="86"/><line number="166" hits="86"/><line number="167" hits="51"/><line number="168" hits="34"/><line number="171" hits="92"/><line number="172" hits="341"/><line number="174" hits="151"/><line number="176" hits="33"/><line number="177" hits="33"/><line number="180" hits="118"/><line number="181" hits="51"/><line number="184" hits="16"/><line number="185" hits="16"/><line number="186" hits="8"/><line number="188" hits="0"/><line number="192" hits="236"/><line number="193" hits="177"/><line number="194" hits="236"/><line number="195" hits="59"/><line number="196" hits="59"/><line number="199" hits="59"/><line number="200" hits="59"/><line number="201" hits="59"/><line number="204" hits="195"/><line number="205" hits="162"/><line number="206" hits="216"/><line number="207" hits="54"/><line number="208" hits="54"/><line number="211" hits="99"/><line number="212" hits="132"/><line number="213" hits="66"/><line number="214" hits="33"/><line number="215" hits="33"/><line number="219" hits="87"/><line number="222" hits="68"/><line number="223" hits="51"/><line number="224" hits="85"/><line number="225" hits="17"/><line number="226" hits="17"/><line number="228" hits="17"/><line number="229" hits="17"/><line number="230" hits="17"/><line number="234" hits="9444"/><line number="235" hits="9444"/><line number="236" hits="9444"/><line number="237" hits="18888"/><line number="239" hits="45"/><line number="240" hits="45"/><line number="241" hits="45"/><line number="243" hits="9399"/><line number="247" hits="0"/><line number="248" hits="0"/><line number="259" hits="336"/><line number="260" hits="17"/><line number="262" hits="95"/><line number="265" hits="112"/><line number="266" hits="336"/><line number="269" hits="336"/><line number="284" hits="44"/><line number="285" hits="176"/><line number="286" hits="176"/><line number="287" hits="44"/><line number="290" hits="9444"/><line number="296" hits="37710"/><line number="297" hits="74"/><line number="299" hits="102"/><line number="300" hits="136"/><line number="301" hits="68"/><line number="302" hits="34"/><line number="303" hits="34"/><line number="306" hits="34"/><line number="308" hits="37638"/><line number="309" hits="6"/><line number="310" hits="8"/><line number="311" hits="4"/><line number="312" hits="2"/><line number="313" hits="2"/><line number="316" hits="2"/><line number="318" hits="9417"/><line number="319" hits="27"/><line number="321" hits="67"/><line number="323" hits="9"/><line number="324" hits="18"/><line number="326" hits="27"/><line number="327" hits="18"/><line number="329" hits="0"/><line number="331" hits="27"/><line number="332" hits="36"/><line number="333" hits="18"/><line number="334" hits="9"/><line number="335" hits="9"/><line number="336" hits="9"/><line number="339" hits="9"/><line number="342" hits="9399"/><line number="345" hits="109"/><line number="351" hits="218"/><line number="352" hits="218"/><line number="353" hits="218"/><line number="356" hits="238"/><line number="357" hits="238"/><line number="359" hits="4871"/><line number="360" hits="171"/><line number="361" hits="57"/><line number="362" hits="114"/><line number="363" hits="114"/><line number="364" hits="57"/><line number="365" hits="57"/><line number="369" hits="124"/><line number="370" hits="124"/><line number="371" hits="68"/><line number="373" hits="68"/><line number="374" hits="54"/><line number="375" hits="48"/><line number="376" hits="46"/><line number="377" hits="44"/><line number="378" hits="44"/><line number="379" hits="44"/><line number="380" hits="44"/><line number="381" hits="32"/><line number="382" hits="20"/><line number="385" hits="72"/><line number="386" hits="72"/><line number="391" hits="53"/><line number="392" hits="50"/><line number="393" hits="44"/><line number="394" hits="44"/><line number="395" hits="44"/><line number="396" hits="42"/><line number="397" hits="34"/><line number="398" hits="34"/><line number="399" hits="34"/><line number="400" hits="28"/><line number="401" hits="28"/><line number="404" hits="33"/><line number="405" hits="33"/><line number="409" hits="34"/><line number="412" hits="30"/><line number="413" hits="10"/><line number="414" hits="10"/></lines></class></classes></package><package name="crates/ferrotex-package/src" line-rate="0.8625" branch-rate="0" complexity="0"><classes><class name="lib" filename="crates/ferrotex-package/src/lib.rs" line-rate="0.8484848484848485" branch-rate="0" complexity="0"><methods/><lines><line number="25" hits="7"/><line number="26" hits="7"/><line number="29" hits="4"/><line number="30" hits="16"/><line number="33" hits="2"/><line number="34" hits="6"/><line number="38" hits="9"/><line number="39" hits="36"/><line number="43" hits="0"/><line number="44" hits="0"/><line number="45" hits="0"/><line number="46" hits="0"/><line number="48" hits="0"/><line number="51" hits="1"/><line number="52" hits="2"/><line number="53" hits="2"/><line number="55" hits="4"/><line number="56" hits="3"/><line number="57" hits="1"/><line number="61" hits="8"/><line number="62" hits="16"/><line number="63" hits="16"/><line number="66" hits="12"/><line number="67" hits="24"/><line number="68" hits="11"/><line number="69" hits="20"/><line number="70" hits="9"/><line number="71" hits="27"/><line number="72" hits="9"/><line number="73" hits="9"/><line number="75" hits="2"/><line number="77" hits="2"/><line number="80" hits="3"/></lines></class><class name="scanner" filename="crates/ferrotex-package/src/scanner.rs" line-rate="0.8723404255319149" branch-rate="0" complexity="0"><methods/><lines><line number="12" hits="1"/><line number="13" hits="1"/><line number="18" hits="5"/><line number="20" hits="5"/><line number="25" hits="6"/><line number="27" hits="12"/><line number="28" hits="6"/><line number="29" hits="6"/><line number="30" hits="6"/><line number="33" hits="42"/><line number="34" hits="54"/><line number="35" hits="36"/><line number="36" hits="0"/><line number="41" hits="12"/><line number="42" hits="6"/><line number="45" hits="0"/><line number="46" hits="0"/><line number="47" hits="0"/><line number="48" hits="0"/><line number="49" hits="0"/><line number="54" hits="6"/><line number="57" hits="4"/><line number="58" hits="8"/><line number="60" hits="6"/><line number="61" hits="2"/><line number="62" hits="16"/><line number="63" hits="4"/><line number="64" hits="2"/><line number="65" hits="1"/><line number="66" hits="2"/><line number="67" hits="3"/><line number="69" hits="4"/><line number="70" hits="5"/><line number="71" hits="3"/><line number="79" hits="2"/><line number="82" hits="4"/><line number="85" hits="2"/><line number="86" hits="4"/><line number="90" hits="8"/><line number="92" hits="8"/><line number="94" hits="9"/><line number="95" hits="9"/><line number="96" hits="9"/><line number="100" hits="8"/><line number="101" hits="6"/><line number="102" hits="6"/><line number="106" hits="2"/></lines></class></classes></package><package name="crates/ferrotex-build/src" line-rate="0.944954128440367" branch-rate="0" complexity="0"><classes><class name="artifacts" filename="crates/ferrotex-build/src/artifacts.rs" line-rate="1" branch-rate="0" complexity="0"><methods/><lines><line number="12" hits="2"/><line number="18" hits="1"/><line number="21" hits="6"/><line number="22" hits="1"/><line number="25" hits="3"/><line number="26" hits="3"/><line number="27" hits="2"/><line number="28" hits="4"/><line number="29" hits="6"/><line number="30" hits="6"/><line number="32" hits="2"/><line number="36" hits="1"/><line number="37" hits="1"/></lines></class><class name="compiler" filename="crates/ferrotex-build/src/compiler.rs" line-rate="0.9130434782608695" branch-rate="0" complexity="0"><methods/><lines><line number="14" hits="2"/><line number="16" hits="6"/><line number="18" hits="2"/><line number="22" hits="2"/><line number="23" hits="4"/><line number="24" hits="2"/><line number="39" hits="8"/><line number="47" hits="24"/><line number="50" hits="24"/><line number="56" hits="4"/><line number="57" hits="8"/><line number="58" hits="4"/><line number="63" hits="4"/><line number="64" hits="8"/><line number="67" hits="0"/><line number="68" hits="0"/><line number="71" hits="1"/><line number="72" hits="2"/><line number="75" hits="8"/><line number="76" hits="24"/><line number="77" hits="24"/><line number="79" hits="16"/><line number="80" hits="8"/><line number="83" hits="40"/><line number="85" hits="8"/><line number="86" hits="3"/><line number="88" hits="1"/><line number="99" hits="3"/><line number="105" hits="6"/><line number="106" hits="9"/><line number="107" hits="6"/><line number="108" hits="9"/><line number="110" hits="6"/><line number="111" hits="6"/><line number="112" hits="9"/><line number="113" hits="6"/><line number="116" hits="21"/><line number="117" hits="12"/><line number="124" hits="3"/><line number="125" hits="6"/><line number="127" hits="0"/><line number="128" hits="0"/><line number="130" hits="1"/><line number="131" hits="2"/><line number="133" hits="3"/><line number="134" hits="6"/></lines></class><class name="lib" filename="crates/ferrotex-build/src/lib.rs" line-rate="0.96" branch-rate="0" complexity="0"><methods/><lines><line number="26" hits="7"/><line number="28" hits="14"/><line number="29" hits="7"/><line number="37" hits="7"/><line number="38" hits="21"/><line number="39" hits="21"/><line number="40" hits="7"/><line number="47" hits="8"/><line number="48" hits="24"/><line number="49" hits="28"/><line number="50" hits="7"/><line number="109" hits="0"/><line number="110" hits="0"/><line number="115" hits="3"/><line number="117" hits="3"/><line number="118" hits="3"/><line number="122" hits="4"/><line number="123" hits="20"/><line number="126" hits="4"/><line number="127" hits="12"/><line number="131" hits="3"/><line number="139" hits="9"/><line number="141" hits="10"/><line number="142" hits="12"/><line number="143" hits="12"/><line number="145" hits="4"/><line number="146" hits="2"/><line number="147" hits="2"/><line number="148" hits="1"/><line number="149" hits="1"/><line number="152" hits="21"/><line number="159" hits="6"/><line number="161" hits="6"/><line number="166" hits="12"/><line number="167" hits="1"/><line number="168" hits="1"/><line number="169" hits="4"/><line number="172" hits="16"/><line number="174" hits="11"/><line number="175" hits="7"/><line number="176" hits="12"/><line number="177" hits="2"/><line number="182" hits="8"/><line number="183" hits="2"/><line number="186" hits="7"/><line number="187" hits="12"/><line number="188" hits="1"/><line number="189" hits="1"/><line number="190" hits="1"/><line number="195" hits="1"/></lines></class></classes></package><package name="crates/ferrotex-syntax/src" line-rate="0.9338842975206612" branch-rate="0" complexity="0"><classes><class name="bibtex" filename="crates/ferrotex-syntax/src/bibtex.rs" line-rate="0.9345794392523364" branch-rate="0" complexity="0"><methods/><lines><line number="73" hits="22"/><line number="74" hits="44"/><line number="75" hits="88"/><line number="78" hits="484"/><line number="79" hits="22"/><line number="81" hits="154"/><line number="82" hits="110"/><line number="84" hits="44"/><line number="91" hits="22"/><line number="97" hits="460"/><line number="98" hits="44"/><line number="100" hits="44"/><line number="103" hits="0"/><line number="105" hits="44"/><line number="108" hits="349"/><line number="109" hits="44"/><line number="112" hits="42"/><line number="113" hits="20"/><line number="115" hits="44"/><line number="118" hits="44"/><line number="119" hits="44"/><line number="122" hits="114"/><line number="124" hits="57"/><line number="125" hits="63"/><line number="126" hits="21"/><line number="128" hits="21"/><line number="132" hits="803"/><line number="133" hits="70"/><line number="134" hits="102"/><line number="135" hits="68"/><line number="137" hits="0"/><line number="138" hits="0"/><line number="142" hits="0"/><line number="143" hits="0"/><line number="145" hits="0"/><line number="148" hits="68"/><line number="150" hits="34"/><line number="151" hits="60"/><line number="152" hits="60"/><line number="155" hits="90"/><line number="156" hits="90"/><line number="159" hits="60"/><line number="161" hits="42"/><line number="162" hits="12"/><line number="167" hits="275"/><line number="168" hits="5"/><line number="169" hits="1"/><line number="174" hits="2"/><line number="175" hits="0"/><line number="177" hits="4"/><line number="178" hits="1"/><line number="183" hits="22"/><line number="184" hits="44"/><line number="185" hits="44"/><line number="186" hits="44"/><line number="187" hits="44"/><line number="188" hits="66"/><line number="189" hits="22"/><line number="194" hits="30"/><line number="201" hits="90"/><line number="203" hits="30"/><line number="204" hits="12"/><line number="206" hits="12"/><line number="207" hits="106"/><line number="208" hits="53"/><line number="209" hits="12"/><line number="210" hits="6"/><line number="212" hits="47"/><line number="213" hits="2"/><line number="214" hits="2"/><line number="215" hits="3"/><line number="216" hits="4"/><line number="217" hits="1"/><line number="219" hits="1"/><line number="221" hits="138"/><line number="222" hits="92"/><line number="224" hits="6"/><line number="225" hits="24"/><line number="226" hits="44"/><line number="227" hits="44"/><line number="228" hits="44"/><line number="229" hits="330"/><line number="230" hits="167"/><line number="231" hits="2"/><line number="232" hits="165"/><line number="233" hits="24"/><line number="234" hits="24"/><line number="235" hits="44"/><line number="236" hits="22"/><line number="239" hits="429"/><line number="240" hits="286"/><line number="242" hits="22"/><line number="246" hits="14"/><line number="247" hits="34"/><line number="252" hits="86"/><line number="256" hits="172"/><line number="257" hits="1180"/><line number="258" hits="589"/><line number="259" hits="84"/><line number="261" hits="1515"/><line number="262" hits="1010"/><line number="264" hits="258"/><line number="267" hits="239"/><line number="268" hits="821"/><line number="269" hits="992"/><line number="270" hits="172"/><line number="272" hits="238"/></lines></class><class name="lexer" filename="crates/ferrotex-syntax/src/lexer.rs" line-rate="0.873015873015873" branch-rate="0" complexity="0"><methods/><lines><line number="66" hits="359"/><line number="79" hits="4987"/><line number="80" hits="9974"/><line number="81" hits="354"/><line number="84" hits="9266"/><line number="85" hits="9266"/><line number="86" hits="13899"/><line number="87" hits="18532"/><line number="89" hits="6691"/><line number="90" hits="0"/><line number="92" hits="697"/><line number="93" hits="1394"/><line number="94" hits="1394"/><line number="96" hits="658"/><line number="97" hits="7794"/><line number="98" hits="11029"/><line number="99" hits="3243"/><line number="101" hits="650"/><line number="106" hits="39"/><line number="109" hits="697"/><line number="111" hits="0"/><line number="112" hits="882"/><line number="113" hits="882"/><line number="115" hits="0"/><line number="116" hits="880"/><line number="117" hits="880"/><line number="119" hits="0"/><line number="120" hits="33"/><line number="121" hits="33"/><line number="123" hits="0"/><line number="124" hits="31"/><line number="125" hits="31"/><line number="127" hits="0"/><line number="128" hits="36"/><line number="129" hits="36"/><line number="131" hits="0"/><line number="133" hits="16"/><line number="134" hits="524"/><line number="135" hits="509"/><line number="136" hits="12"/><line number="138" hits="248"/><line number="140" hits="16"/><line number="142" hits="5736"/><line number="143" hits="810"/><line number="144" hits="3495"/><line number="145" hits="4421"/><line number="146" hits="949"/><line number="148" hits="787"/><line number="151" hits="810"/><line number="153" hits="0"/><line number="155" hits="1248"/><line number="156" hits="13123"/><line number="157" hits="5675"/><line number="158" hits="869"/><line number="159" hits="12382"/><line number="160" hits="5331"/><line number="163" hits="1248"/><line number="167" hits="13899"/><line number="174" hits="4969"/><line number="175" hits="14907"/><line number="176" hits="4969"/><line number="177" hits="353"/><line number="179" hits="4616"/></lines></class><class name="lib" filename="crates/ferrotex-syntax/src/lib.rs" line-rate="1" branch-rate="0" complexity="0"><methods/><lines><line number="196" hits="5051"/><line number="197" hits="5051"/><line number="208" hits="10879"/><line number="209" hits="21758"/><line number="210" hits="21758"/><line number="213" hits="1"/><line number="214" hits="2"/></lines></class><class name="parser" filename="crates/ferrotex-syntax/src/parser.rs" line-rate="0.9516129032258065" branch-rate="0" complexity="0"><methods/><lines><line number="34" hits="333"/><line number="36" hits="1332"/><line number="37" hits="666"/><line number="38" hits="333"/><line number="39" hits="333"/><line number="48" hits="333"/><line number="49" hits="1332"/><line number="50" hits="2469"/><line number="51" hits="1068"/><line number="53" hits="666"/><line number="55" hits="666"/><line number="56" hits="333"/><line number="60" hits="8161"/><line number="61" hits="8161"/><line number="63" hits="8161"/><line number="64" hits="16322"/><line number="67" hits="54"/><line number="68" hits="270"/><line number="71" hits="3808"/><line number="72" hits="15232"/><line number="73" hits="22848"/><line number="74" hits="15232"/><line number="75" hits="3808"/><line number="79" hits="54"/><line number="80" hits="108"/><line number="81" hits="162"/><line number="82" hits="162"/><line number="83" hits="216"/><line number="84" hits="162"/><line number="89" hits="242"/><line number="90" hits="726"/><line number="92" hits="484"/><line number="93" hits="484"/><line number="94" hits="480"/><line number="95" hits="1436"/><line number="96" hits="478"/><line number="97" hits="238"/><line number="98" hits="720"/><line number="101" hits="240"/><line number="103" hits="2"/><line number="111" hits="1883"/><line number="112" hits="1883"/><line number="113" hits="934"/><line number="114" hits="426"/><line number="115" hits="12"/><line number="116" hits="60"/><line number="117" hits="60"/><line number="118" hits="36"/><line number="119" hits="12"/><line number="121" hits="0"/><line number="122" hits="2382"/><line number="130" hits="637"/><line number="131" hits="2548"/><line number="132" hits="1274"/><line number="134" hits="3693"/><line number="135" hits="811"/><line number="138" hits="1260"/><line number="139" hits="623"/><line number="141" hits="42"/><line number="143" hits="1274"/><line number="146" hits="467"/><line number="147" hits="1868"/><line number="148" hits="467"/><line number="149" hits="580"/><line number="150" hits="391"/><line number="151" hits="647"/><line number="152" hits="326"/><line number="153" hits="288"/><line number="154" hits="279"/><line number="155" hits="484"/><line number="156" hits="222"/><line number="159" hits="0"/><line number="162" hits="467"/><line number="163" hits="226"/><line number="164" hits="74"/><line number="165" hits="34"/><line number="166" hits="52"/><line number="167" hits="28"/><line number="168" hits="38"/><line number="169" hits="38"/><line number="170" hits="444"/><line number="174" hits="19"/><line number="175" hits="76"/><line number="176" hits="38"/><line number="179" hits="19"/><line number="180" hits="2"/><line number="181" hits="11"/><line number="182" hits="3"/><line number="184" hits="2"/><line number="185" hits="1"/><line number="187" hits="0"/><line number="192" hits="36"/><line number="193" hits="17"/><line number="195" hits="6"/><line number="198" hits="38"/><line number="201" hits="19"/><line number="202" hits="76"/><line number="203" hits="76"/><line number="204" hits="19"/><line number="206" hits="0"/><line number="208" hits="38"/><line number="211" hits="21"/><line number="212" hits="2"/><line number="213" hits="5"/><line number="214" hits="1"/><line number="216" hits="2"/><line number="217" hits="1"/><line number="219" hits="0"/><line number="224" hits="36"/><line number="225" hits="17"/><line number="227" hits="6"/><line number="230" hits="38"/><line number="233" hits="26"/><line number="234" hits="104"/><line number="235" hits="52"/><line number="238" hits="49"/><line number="239" hits="23"/><line number="241" hits="9"/><line number="244" hits="52"/><line number="247" hits="14"/><line number="248" hits="56"/><line number="249" hits="28"/><line number="252" hits="27"/><line number="253" hits="13"/><line number="255" hits="3"/><line number="258" hits="28"/><line number="261" hits="17"/><line number="262" hits="68"/><line number="263" hits="34"/><line number="266" hits="33"/><line number="267" hits="16"/><line number="269" hits="3"/><line number="272" hits="34"/><line number="275" hits="37"/><line number="276" hits="148"/><line number="277" hits="74"/><line number="283" hits="68"/><line number="284" hits="31"/><line number="288" hits="18"/><line number="291" hits="74"/><line number="300" hits="125"/><line number="301" hits="500"/><line number="302" hits="375"/><line number="303" hits="250"/><line number="306" hits="249"/><line number="307" hits="124"/><line number="309" hits="3"/><line number="313" hits="0"/><line number="314" hits="949"/><line number="315" hits="0"/><line number="316" hits="32"/><line number="317" hits="8"/><line number="319" hits="0"/><line number="320" hits="424"/><line number="321" hits="212"/><line number="322" hits="351"/><line number="323" hits="117"/><line number="324" hits="117"/><line number="325" hits="116"/><line number="327" hits="3"/><line number="328" hits="1"/><line number="329" hits="1"/><line number="333" hits="234"/><line number="334" hits="233"/><line number="335" hits="116"/><line number="337" hits="3"/><line number="339" hits="117"/><line number="340" hits="107"/><line number="342" hits="12"/><line number="344" hits="83"/><line number="347" hits="0"/><line number="350" hits="67"/><line number="351" hits="67"/><line number="353" hits="2"/><line number="354" hits="10"/><line number="355" hits="10"/><line number="356" hits="6"/><line number="357" hits="2"/><line number="359" hits="1320"/><line number="362" hits="250"/><line number="384" hits="251"/><line number="385" hits="753"/><line number="391" hits="52"/><line number="392" hits="104"/><line number="417" hits="333"/><line number="418" hits="999"/></lines></class></classes></package><package name="crates/ferrotexd/src/diagnostics" line-rate="0.9859154929577465" branch-rate="0" complexity="0"><classes><class name="error_index" filename="crates/ferrotexd/src/diagnostics/error_index.rs" line-rate="0.9444444444444444" branch-rate="0" complexity="0"><methods/><lines><line number="173" hits="2"/><line number="174" hits="22"/><line number="175" hits="27"/><line number="176" hits="1"/><line number="179" hits="1"/><line number="184" hits="3"/><line number="190" hits="15"/><line number="191" hits="20"/><line number="192" hits="20"/><line number="194" hits="9"/><line number="196" hits="42"/><line number="198" hits="3"/><line number="200" hits="3"/><line number="204" hits="0"/><line number="208" hits="2"/><line number="209" hits="7"/><line number="210" hits="1"/><line number="211" hits="1"/></lines></class><class name="math" filename="crates/ferrotexd/src/diagnostics/math.rs" line-rate="1" branch-rate="0" complexity="0"><methods/><lines><line number="19" hits="14"/><line number="20" hits="4"/><line number="21" hits="14"/><line number="41" hits="21"/><line number="42" hits="42"/><line number="45" hits="46"/><line number="46" hits="8"/><line number="47" hits="10"/><line number="49" hits="6"/><line number="53" hits="4"/><line number="58" hits="6"/><line number="59" hits="4"/><line number="60" hits="4"/><line number="61" hits="4"/><line number="62" hits="4"/><line number="64" hits="4"/><line number="65" hits="4"/><line number="66" hits="4"/><line number="67" hits="4"/><line number="68" hits="2"/><line number="69" hits="2"/><line number="74" hits="135"/><line number="75" hits="93"/><line number="77" hits="28"/><line number="78" hits="42"/><line number="79" hits="14"/><line number="80" hits="28"/><line number="81" hits="14"/><line number="82" hits="14"/><line number="83" hits="14"/><line number="84" hits="14"/><line number="85" hits="14"/><line number="86" hits="14"/><line number="90" hits="28"/><line number="91" hits="12"/><line number="92" hits="6"/><line number="93" hits="4"/><line number="94" hits="6"/><line number="95" hits="6"/><line number="98" hits="3"/><line number="102" hits="2"/><line number="108" hits="3"/><line number="109" hits="2"/><line number="110" hits="2"/><line number="111" hits="2"/><line number="112" hits="2"/><line number="114" hits="2"/><line number="115" hits="2"/><line number="116" hits="2"/><line number="117" hits="2"/><line number="118" hits="1"/><line number="119" hits="1"/><line number="126" hits="21"/></lines></class></classes></package><package name="crates/ferrotexd/tests" line-rate="0.918918918918919" branch-rate="0" complexity="0"><classes><class name="e2e_test" filename="crates/ferrotexd/tests/e2e_test.rs" line-rate="0.918918918918919" branch-rate="0" complexity="0"><methods/><lines><line number="10" hits="8"/><line number="11" hits="12"/><line number="12" hits="12"/><line number="13" hits="4"/><line number="14" hits="8"/><line number="15" hits="8"/><line number="16" hits="12"/><line number="17" hits="8"/><line number="18" hits="8"/><line number="19" hits="4"/><line number="21" hits="12"/><line number="22" hits="4"/><line number="25" hits="12"/><line number="26" hits="28"/><line number="28" hits="12"/><line number="29" hits="8"/><line number="213" hits="14"/><line number="217" hits="42"/><line number="218" hits="28"/><line number="219" hits="70"/><line number="220" hits="14"/><line number="221" hits="14"/><line number="224" hits="28"/><line number="225" hits="28"/><line number="226" hits="0"/><line number="227" hits="56"/><line number="228" hits="84"/><line number="229" hits="0"/><line number="231" hits="42"/><line number="232" hits="14"/><line number="234" hits="28"/><line number="235" hits="28"/><line number="238" hits="14"/><line number="239" hits="0"/><line number="241" hits="42"/><line number="242" hits="42"/><line number="243" hits="42"/></lines></class></classes></package><package name="fuzz/fuzz_targets" line-rate="0" branch-rate="0" complexity="0"><classes></classes></package><package name="crates/ferrotex-core/tests" line-rate="0" branch-rate="0" complexity="0"><classes></classes></package><package name="crates/ferrotexd/src/build" line-rate="0.7037037037037037" branch-rate="0" complexity="0"><classes><class name="latexmk" filename="crates/ferrotexd/src/build/latexmk.rs" line-rate="0.7037037037037037" branch-rate="0" complexity="0"><methods/><lines><line number="17" hits="9"/><line number="19" hits="9"/><line number="23" hits="3"/><line number="25" hits="3"/><line number="31" hits="0"/><line number="32" hits="0"/><line number="38" hits="0"/><line number="39" hits="0"/><line number="50" hits="0"/><line number="54" hits="0"/><line number="84" hits="1"/><line number="85" hits="13"/><line number="86" hits="4"/><line number="90" hits="1"/><line number="91" hits="8"/><line number="92" hits="2"/><line number="131" hits="4"/><line number="133" hits="12"/><line number="137" hits="12"/><line number="139" hits="8"/><line number="140" hits="8"/><line number="141" hits="0"/><line number="142" hits="0"/><line number="146" hits="8"/><line number="150" hits="16"/><line number="151" hits="8"/><line number="153" hits="4"/></lines></class></classes></package><package name="crates/ferrotex-core/src" line-rate="0.9452054794520548" branch-rate="0" complexity="0"><classes></classes></package><package name="crates/ferrotex-dap/src" line-rate="0.8490566037735849" branch-rate="0" complexity="0"><classes><class name="debug_session" filename="crates/ferrotex-dap/src/debug_session.rs" line-rate="0.8776595744680851" branch-rate="0" complexity="0"><methods/><lines><line number="33" hits="5"/><line number="34" hits="15"/><line number="35" hits="15"/><line number="37" hits="10"/><line number="38" hits="10"/><line number="41" hits="26"/><line number="44" hits="14"/><line number="45" hits="14"/><line number="46" hits="14"/><line number="47" hits="7"/><line number="48" hits="7"/><line number="49" hits="2"/><line number="50" hits="1"/><line number="53" hits="2"/><line number="55" hits="8"/><line number="56" hits="4"/><line number="57" hits="6"/><line number="58" hits="6"/><line number="59" hits="2"/><line number="62" hits="2"/><line number="63" hits="2"/><line number="68" hits="5"/><line number="93" hits="9"/><line number="109" hits="3"/><line number="111" hits="9"/><line number="112" hits="9"/><line number="113" hits="3"/><line number="114" hits="6"/><line number="115" hits="1"/><line number="119" hits="6"/><line number="120" hits="8"/><line number="121" hits="2"/><line number="123" hits="6"/><line number="124" hits="8"/><line number="130" hits="8"/><line number="132" hits="36"/><line number="133" hits="6"/><line number="134" hits="6"/><line number="135" hits="6"/><line number="138" hits="5"/><line number="139" hits="4"/><line number="140" hits="6"/><line number="141" hits="8"/><line number="142" hits="8"/><line number="145" hits="2"/><line number="146" hits="1"/><line number="147" hits="2"/><line number="148" hits="3"/><line number="150" hits="3"/><line number="151" hits="4"/><line number="155" hits="6"/><line number="157" hits="28"/><line number="160" hits="1"/><line number="161" hits="3"/><line number="177" hits="3"/><line number="184" hits="3"/><line number="190" hits="9"/><line number="191" hits="9"/><line number="192" hits="9"/><line number="195" hits="9"/><line number="196" hits="9"/><line number="199" hits="12"/><line number="200" hits="9"/><line number="202" hits="6"/><line number="203" hits="6"/><line number="204" hits="6"/><line number="205" hits="3"/><line number="209" hits="6"/><line number="210" hits="3"/><line number="211" hits="0"/><line number="214" hits="9"/><line number="215" hits="3"/><line number="218" hits="6"/><line number="219" hits="6"/><line number="220" hits="0"/><line number="221" hits="0"/><line number="222" hits="0"/><line number="223" hits="0"/><line number="224" hits="0"/><line number="228" hits="6"/><line number="229" hits="6"/><line number="230" hits="0"/><line number="231" hits="0"/><line number="232" hits="0"/><line number="233" hits="0"/><line number="234" hits="0"/><line number="238" hits="12"/><line number="242" hits="12"/><line number="243" hits="15"/><line number="244" hits="6"/><line number="245" hits="3"/><line number="249" hits="6"/><line number="250" hits="12"/><line number="251" hits="12"/><line number="252" hits="6"/><line number="253" hits="3"/><line number="254" hits="6"/><line number="255" hits="6"/><line number="256" hits="6"/><line number="257" hits="3"/><line number="260" hits="6"/><line number="261" hits="6"/><line number="263" hits="24"/><line number="264" hits="21"/><line number="265" hits="18"/><line number="266" hits="15"/><line number="267" hits="12"/><line number="268" hits="9"/><line number="269" hits="6"/><line number="270" hits="3"/><line number="271" hits="6"/><line number="274" hits="9"/><line number="275" hits="9"/><line number="276" hits="7"/><line number="278" hits="3"/><line number="279" hits="3"/><line number="280" hits="1"/><line number="284" hits="3"/><line number="285" hits="4"/><line number="286" hits="1"/><line number="287" hits="1"/><line number="288" hits="0"/><line number="292" hits="9"/><line number="293" hits="6"/><line number="294" hits="0"/><line number="295" hits="0"/><line number="296" hits="0"/><line number="297" hits="0"/><line number="298" hits="0"/><line number="303" hits="9"/><line number="304" hits="9"/><line number="305" hits="6"/><line number="306" hits="10"/><line number="307" hits="5"/><line number="308" hits="2"/><line number="309" hits="8"/><line number="310" hits="10"/><line number="311" hits="4"/><line number="312" hits="2"/><line number="314" hits="3"/><line number="315" hits="0"/><line number="318" hits="6"/><line number="322" hits="6"/><line number="324" hits="9"/><line number="327" hits="9"/><line number="328" hits="6"/><line number="329" hits="18446744073709551613"/><line number="330" hits="18446744073709551601"/><line number="334" hits="6"/><line number="335" hits="12"/><line number="336" hits="9"/><line number="337" hits="3"/><line number="338" hits="3"/><line number="341" hits="0"/><line number="342" hits="0"/><line number="343" hits="0"/><line number="347" hits="0"/><line number="348" hits="0"/><line number="354" hits="3"/><line number="366" hits="10"/><line number="372" hits="20"/><line number="373" hits="7"/><line number="374" hits="2"/><line number="375" hits="1"/><line number="377" hits="21"/><line number="378" hits="2"/><line number="380" hits="18"/><line number="384" hits="30"/><line number="385" hits="12"/><line number="386" hits="6"/><line number="387" hits="8"/><line number="388" hits="14"/><line number="389" hits="4"/><line number="390" hits="4"/><line number="391" hits="4"/><line number="393" hits="10"/><line number="394" hits="6"/><line number="395" hits="8"/><line number="396" hits="14"/><line number="397" hits="4"/><line number="398" hits="4"/><line number="399" hits="4"/><line number="403" hits="20"/><line number="406" hits="1"/><line number="407" hits="2"/><line number="408" hits="2"/><line number="409" hits="2"/><line number="412" hits="2"/></lines></class><class name="lib" filename="crates/ferrotex-dap/src/lib.rs" line-rate="0.8333333333333334" branch-rate="0" complexity="0"><methods/><lines><line number="84" hits="4"/><line number="85" hits="12"/><line number="89" hits="4"/><line number="90" hits="4"/><line number="111" hits="14"/><line number="117" hits="0"/><line number="118" hits="0"/><line number="119" hits="0"/><line number="120" hits="0"/><line number="124" hits="11"/><line number="129" hits="0"/><line number="131" hits="56"/><line number="132" hits="0"/><line number="133" hits="98"/><line number="134" hits="147"/><line number="135" hits="10"/><line number="139" hits="78"/><line number="141" hits="78"/><line number="143" hits="18"/><line number="146" hits="21"/><line number="147" hits="53"/><line number="149" hits="17"/><line number="153" hits="18"/><line number="154" hits="2"/><line number="158" hits="48"/><line number="159" hits="49"/><line number="161" hits="45"/><line number="164" hits="28"/><line number="165" hits="0"/><line number="166" hits="13"/><line number="167" hits="13"/><line number="168" hits="13"/><line number="169" hits="13"/><line number="171" hits="78"/><line number="176" hits="18"/><line number="183" hits="72"/><line number="184" hits="36"/><line number="185" hits="27"/><line number="186" hits="19"/><line number="187" hits="17"/><line number="188" hits="14"/><line number="189" hits="1"/><line number="191" hits="1"/><line number="192" hits="24"/><line number="193" hits="11"/><line number="194" hits="10"/><line number="195" hits="9"/><line number="196" hits="11"/><line number="197" hits="9"/><line number="198" hits="1"/><line number="201" hits="72"/><line number="202" hits="34"/><line number="203" hits="3"/><line number="207" hits="54"/><line number="210" hits="54"/><line number="215" hits="54"/><line number="216" hits="90"/><line number="217" hits="54"/><line number="218" hits="36"/><line number="220" hits="18"/><line number="223" hits="18"/><line number="224" hits="18"/><line number="225" hits="18"/><line number="246" hits="7"/><line number="249" hits="14"/><line number="256" hits="3"/><line number="257" hits="6"/><line number="258" hits="6"/><line number="259" hits="3"/><line number="260" hits="3"/><line number="264" hits="3"/><line number="266" hits="5"/><line number="268" hits="5"/><line number="269" hits="8"/><line number="270" hits="6"/><line number="271" hits="4"/><line number="273" hits="6"/><line number="275" hits="4"/><line number="276" hits="4"/><line number="277" hits="8"/><line number="278" hits="4"/><line number="279" hits="0"/><line number="280" hits="0"/><line number="281" hits="0"/><line number="282" hits="0"/><line number="283" hits="0"/><line number="284" hits="0"/><line number="285" hits="0"/><line number="286" hits="0"/><line number="287" hits="0"/><line number="288" hits="0"/><line number="291" hits="0"/><line number="293" hits="4"/><line number="294" hits="6"/><line number="295" hits="4"/><line number="296" hits="4"/><line number="297" hits="6"/><line number="299" hits="6"/><line number="301" hits="0"/><line number="302" hits="0"/><line number="303" hits="0"/><line number="306" hits="8"/><line number="307" hits="8"/><line number="308" hits="2"/><line number="314" hits="2"/><line number="317" hits="3"/><line number="318" hits="5"/><line number="319" hits="6"/><line number="321" hits="3"/><line number="324" hits="2"/><line number="325" hits="4"/><line number="326" hits="6"/><line number="328" hits="2"/><line number="331" hits="1"/><line number="332" hits="1"/><line number="335" hits="2"/><line number="336" hits="4"/><line number="337" hits="4"/><line number="338" hits="4"/><line number="343" hits="3"/><line number="344" hits="9"/><line number="345" hits="6"/><line number="346" hits="12"/><line number="347" hits="8"/><line number="348" hits="4"/><line number="349" hits="2"/><line number="350" hits="2"/><line number="353" hits="3"/><line number="356" hits="2"/><line number="357" hits="6"/><line number="358" hits="4"/><line number="360" hits="2"/><line number="365" hits="6"/><line number="366" hits="18"/><line number="367" hits="30"/><line number="368" hits="18"/><line number="369" hits="12"/><line number="370" hits="6"/><line number="373" hits="0"/><line number="374" hits="0"/><line number="375" hits="0"/><line number="376" hits="0"/><line number="384" hits="1"/><line number="385" hits="2"/><line number="386" hits="2"/><line number="387" hits="1"/><line number="388" hits="1"/><line number="392" hits="1"/><line number="394" hits="2"/><line number="395" hits="3"/><line number="396" hits="2"/><line number="397" hits="1"/><line number="400" hits="1"/><line number="401" hits="2"/><line number="402" hits="3"/><line number="404" hits="1"/><line number="407" hits="1"/><line number="408" hits="2"/><line number="409" hits="3"/><line number="411" hits="1"/><line number="414" hits="1"/><line number="415" hits="1"/><line number="417" hits="1"/><line number="419" hits="4"/><line number="422" hits="1"/><line number="424" hits="4"/><line number="427" hits="1"/><line number="428" hits="3"/><line number="429" hits="2"/><line number="431" hits="1"/><line number="435" hits="2"/><line number="439" hits="4"/><line number="440" hits="6"/><line number="441" hits="8"/><line number="442" hits="2"/><line number="446" hits="0"/><line number="447" hits="0"/><line number="448" hits="0"/><line number="449" hits="0"/><line number="450" hits="0"/></lines></class><class name="main" filename="crates/ferrotex-dap/src/main.rs" line-rate="0" branch-rate="0" complexity="0"><methods/><lines><line number="3" hits="0"/><line number="6" hits="0"/><line number="12" hits="0"/></lines></class></classes></package><package name="crates/ferrotex-syntax/tests" line-rate="0" branch-rate="0" complexity="0"><classes></classes></package><package name="crates/ferrotex-cli/tests" line-rate="0" branch-rate="0" complexity="0"><classes></classes></package></packages></coverage>