<?xml version="1.0"?><coverage lines-covered="655" lines-valid="719" line-rate="0.9109874826147427" branches-covered="0" branches-valid="0" branch-rate="0" complexity="0" version="1.9" timestamp="1766384317"><sources><source>/Users/meilynlopezcubero/FerroTeX</source></sources><packages><package name="crates/ferrotex-core/src" line-rate="0.8605769230769231" branch-rate="0" complexity="0"><classes></classes></package><package name="crates/ferrotex-core/src/math_validator" line-rate="0.9420289855072463" branch-rate="0" complexity="0"><classes><class name="delimiter_validator" filename="crates/ferrotex-core/src/math_validator/delimiter_validator.rs" line-rate="0.9285714285714286" branch-rate="0" complexity="0"><methods/><lines><line number="9" hits="9"/><line number="10" hits="9"/><line number="14" hits="9"/><line number="15" hits="27"/><line number="17" hits="47"/><line number="18" hits="19"/><line number="24" hits="10"/><line number="25" hits="20"/><line number="33" hits="17"/><line number="34" hits="20"/><line number="35" hits="12"/><line number="36" hits="8"/><line number="37" hits="8"/><line number="38" hits="12"/><line number="39" hits="4"/><line number="43" hits="3"/><line number="44" hits="2"/><line number="45" hits="1"/><line number="53" hits="15"/><line number="54" hits="6"/><line number="55" hits="4"/><line number="56" hits="2"/><line number="61" hits="3"/><line number="62" hits="3"/><line number="65" hits="9"/><line number="66" hits="9"/><line number="71" hits="0"/><line number="72" hits="0"/></lines></class><class name="mod" filename="crates/ferrotex-core/src/math_validator/mod.rs" line-rate="0.9512195121951219" branch-rate="0" complexity="0"><methods/><lines><line number="29" hits="7"/><line number="30" hits="14"/><line number="33" hits="14"/><line number="34" hits="21"/><line number="35" hits="21"/><line number="36" hits="21"/><line number="37" hits="21"/><line number="38" hits="21"/><line number="39" hits="21"/><line number="42" hits="21"/><line number="45" hits="21"/><line number="46" hits="21"/><line number="47" hits="21"/><line number="48" hits="21"/><line number="49" hits="21"/><line number="50" hits="21"/><line number="51" hits="21"/><line number="52" hits="21"/><line number="53" hits="21"/><line number="56" hits="21"/><line number="57" hits="21"/><line number="58" hits="21"/><line number="59" hits="21"/><line number="60" hits="21"/><line number="61" hits="21"/><line number="62" hits="21"/><line number="63" hits="21"/><line number="65" hits="28"/><line number="69" hits="17"/><line number="70" hits="7"/><line number="71" hits="34"/><line number="107" hits="3"/><line number="108" hits="3"/><line number="109" hits="2"/><line number="110" hits="2"/><line number="112" hits="1"/><line number="113" hits="2"/><line number="115" hits="0"/><line number="116" hits="0"/><line number="118" hits="3"/><line number="119" hits="1"/></lines></class></classes></package><package name="crates/ferrotex-core/src/package_manager" line-rate="0.8201438848920863" branch-rate="0" complexity="0"><classes><class name="ctan_db" filename="crates/ferrotex-core/src/package_manager/ctan_db.rs" line-rate="0.9672131147540983" branch-rate="0" complexity="0"><methods/><lines><line number="10" hits="1"/><line number="11" hits="2"/><line number="14" hits="2"/><line number="15" hits="4"/><line number="16" hits="4"/><line number="17" hits="4"/><line number="18" hits="4"/><line number="21" hits="4"/><line number="22" hits="4"/><line number="23" hits="4"/><line number="24" hits="4"/><line number="25" hits="4"/><line number="28" hits="4"/><line number="29" hits="4"/><line number="30" hits="4"/><line number="31" hits="4"/><line number="32" hits="4"/><line number="35" hits="4"/><line number="36" hits="4"/><line number="37" hits="4"/><line number="40" hits="4"/><line number="41" hits="4"/><line number="42" hits="4"/><line number="45" hits="4"/><line number="46" hits="4"/><line number="47" hits="4"/><line number="48" hits="4"/><line number="51" hits="4"/><line number="52" hits="4"/><line number="53" hits="4"/><line number="54" hits="4"/><line number="57" hits="4"/><line number="58" hits="4"/><line number="59" hits="4"/><line number="62" hits="4"/><line number="63" hits="4"/><line number="66" hits="4"/><line number="67" hits="4"/><line number="68" hits="4"/><line number="71" hits="4"/><line number="72" hits="4"/><line number="75" hits="4"/><line number="76" hits="4"/><line number="79" hits="4"/><line number="80" hits="4"/><line number="83" hits="4"/><line number="84" hits="4"/><line number="85" hits="4"/><line number="86" hits="4"/><line number="87" hits="4"/><line number="90" hits="4"/><line number="91" hits="4"/><line number="94" hits="4"/><line number="95" hits="4"/><line number="96" hits="4"/><line number="99" hits="4"/><line number="100" hits="4"/><line number="106" hits="14"/><line number="107" hits="56"/><line number="111" hits="0"/><line number="112" hits="0"/></lines></class><class name="mod" filename="crates/ferrotex-core/src/package_manager/mod.rs" line-rate="0.7051282051282052" branch-rate="0" complexity="0"><methods/><lines><line number="33" hits="0"/><line number="34" hits="0"/><line number="35" hits="0"/><line number="36" hits="0"/><line number="38" hits="0"/><line number="76" hits="1"/><line number="77" hits="2"/><line number="81" hits="4"/><line number="87" hits="2"/><line number="89" hits="10"/><line number="91" hits="2"/><line number="92" hits="3"/><line number="93" hits="1"/><line number="94" hits="3"/><line number="95" hits="2"/><line number="96" hits="1"/><line number="100" hits="1"/><line number="101" hits="3"/><line number="102" hits="1"/><line number="103" hits="1"/><line number="107" hits="2"/><line number="108" hits="14"/><line number="110" hits="2"/><line number="111" hits="1"/><line number="114" hits="3"/><line number="115" hits="2"/><line number="116" hits="9"/><line number="117" hits="5"/><line number="118" hits="3"/><line number="121" hits="1"/><line number="124" hits="1"/><line number="125" hits="1"/><line number="136" hits="1"/><line number="137" hits="2"/><line number="140" hits="2"/><line number="146" hits="2"/><line number="148" hits="10"/><line number="150" hits="2"/><line number="151" hits="3"/><line number="152" hits="1"/><line number="153" hits="3"/><line number="154" hits="2"/><line number="155" hits="1"/><line number="159" hits="1"/><line number="160" hits="3"/><line number="161" hits="1"/><line number="162" hits="1"/><line number="166" hits="0"/><line number="168" hits="0"/><line number="171" hits="1"/><line number="172" hits="1"/><line number="179" hits="0"/><line number="180" hits="0"/><line number="181" hits="0"/><line number="182" hits="0"/><line number="183" hits="0"/><line number="186" hits="0"/><line number="187" hits="0"/><line number="189" hits="1"/><line number="190" hits="1"/><line number="199" hits="0"/><line number="201" hits="0"/><line number="202" hits="0"/><line number="203" hits="0"/><line number="205" hits="0"/><line number="206" hits="0"/><line number="207" hits="0"/><line number="210" hits="0"/><line number="211" hits="0"/><line number="214" hits="5"/><line number="218" hits="2"/><line number="219" hits="6"/><line number="222" hits="1"/><line number="223" hits="3"/><line number="226" hits="2"/><line number="227" hits="2"/><line number="230" hits="1"/><line number="231" hits="4"/></lines></class></classes></package><package name="crates/ferrotex-log/tests" line-rate="0" branch-rate="0" complexity="0"><classes></classes></package><package name="crates/ferrotex-syntax/src" line-rate="0.9209726443768997" branch-rate="0" complexity="0"><classes><class name="bibtex" filename="crates/ferrotex-syntax/src/bibtex.rs" line-rate="0.9270833333333334" branch-rate="0" complexity="0"><methods/><lines><line number="27" hits="8"/><line number="28" hits="16"/><line number="29" hits="32"/><line number="32" hits="326"/><line number="33" hits="8"/><line number="35" hits="106"/><line number="36" hits="45"/><line number="38" hits="18"/><line number="45" hits="9"/><line number="51" hits="171"/><line number="52" hits="18"/><line number="54" hits="18"/><line number="57" hits="0"/><line number="59" hits="18"/><line number="62" hits="124"/><line number="63" hits="18"/><line number="66" hits="17"/><line number="67" hits="8"/><line number="69" hits="18"/><line number="72" hits="18"/><line number="73" hits="18"/><line number="76" hits="44"/><line number="78" hits="22"/><line number="79" hits="24"/><line number="80" hits="8"/><line number="82" hits="8"/><line number="86" hits="283"/><line number="87" hits="27"/><line number="88" hits="39"/><line number="89" hits="26"/><line number="91" hits="0"/><line number="92" hits="0"/><line number="96" hits="0"/><line number="97" hits="0"/><line number="100" hits="26"/><line number="102" hits="13"/><line number="103" hits="20"/><line number="104" hits="20"/><line number="107" hits="30"/><line number="108" hits="30"/><line number="111" hits="20"/><line number="113" hits="14"/><line number="114" hits="4"/><line number="119" hits="271"/><line number="120" hits="6"/><line number="124" hits="1"/><line number="125" hits="0"/><line number="127" hits="3"/><line number="131" hits="9"/><line number="132" hits="18"/><line number="133" hits="18"/><line number="134" hits="18"/><line number="135" hits="18"/><line number="136" hits="27"/><line number="137" hits="9"/><line number="142" hits="10"/><line number="149" hits="30"/><line number="151" hits="10"/><line number="152" hits="8"/><line number="155" hits="8"/><line number="156" hits="80"/><line number="157" hits="40"/><line number="158" hits="8"/><line number="159" hits="4"/><line number="161" hits="108"/><line number="162" hits="72"/><line number="164" hits="4"/><line number="165" hits="6"/><line number="166" hits="8"/><line number="167" hits="8"/><line number="168" hits="8"/><line number="169" hits="54"/><line number="170" hits="27"/><line number="171" hits="0"/><line number="172" hits="27"/><line number="173" hits="4"/><line number="174" hits="4"/><line number="175" hits="8"/><line number="176" hits="4"/><line number="179" hits="69"/><line number="180" hits="46"/><line number="182" hits="4"/><line number="186" hits="38"/><line number="190" hits="37"/><line number="194" hits="74"/><line number="195" hits="598"/><line number="196" hits="298"/><line number="197" hits="35"/><line number="199" hits="789"/><line number="200" hits="526"/><line number="202" hits="111"/><line number="205" hits="91"/><line number="206" hits="373"/><line number="207" hits="468"/><line number="208" hits="96"/><line number="210" hits="90"/></lines></class><class name="lexer" filename="crates/ferrotex-syntax/src/lexer.rs" line-rate="0.873015873015873" branch-rate="0" complexity="0"><methods/><lines><line number="13" hits="52"/><line number="19" hits="432"/><line number="20" hits="864"/><line number="21" hits="45"/><line number="24" hits="774"/><line number="25" hits="774"/><line number="26" hits="1161"/><line number="27" hits="1548"/><line number="29" hits="559"/><line number="30" hits="0"/><line number="32" hits="77"/><line number="33" hits="154"/><line number="34" hits="154"/><line number="36" hits="63"/><line number="37" hits="625"/><line number="38" hits="873"/><line number="39" hits="251"/><line number="41" hits="60"/><line number="46" hits="14"/><line number="49" hits="77"/><line number="51" hits="0"/><line number="52" hits="52"/><line number="53" hits="52"/><line number="55" hits="0"/><line number="56" hits="63"/><line number="57" hits="63"/><line number="59" hits="0"/><line number="60" hits="6"/><line number="61" hits="6"/><line number="63" hits="0"/><line number="64" hits="4"/><line number="65" hits="4"/><line number="67" hits="0"/><line number="68" hits="8"/><line number="69" hits="8"/><line number="71" hits="0"/><line number="73" hits="5"/><line number="74" hits="124"/><line number="75" hits="119"/><line number="76" hits="3"/><line number="78" hits="58"/><line number="80" hits="5"/><line number="82" hits="516"/><line number="83" hits="86"/><line number="84" hits="237"/><line number="85" hits="268"/><line number="86" hits="34"/><line number="88" hits="83"/><line number="91" hits="86"/><line number="93" hits="0"/><line number="95" hits="86"/><line number="96" hits="684"/><line number="97" hits="279"/><line number="98" hits="61"/><line number="99" hits="621"/><line number="100" hits="258"/><line number="103" hits="86"/><line number="107" hits="1161"/><line number="114" hits="414"/><line number="115" hits="1242"/><line number="116" hits="414"/><line number="117" hits="44"/><line number="119" hits="370"/></lines></class><class name="lib" filename="crates/ferrotex-syntax/src/lib.rs" line-rate="0.7142857142857143" branch-rate="0" complexity="0"><methods/><lines><line number="73" hits="501"/><line number="74" hits="501"/><line number="85" hits="13"/><line number="86" hits="26"/><line number="87" hits="26"/><line number="90" hits="0"/><line number="91" hits="0"/></lines></class><class name="parser" filename="crates/ferrotex-syntax/src/parser.rs" line-rate="0.9447852760736196" branch-rate="0" complexity="0"><methods/><lines><line number="27" hits="42"/><line number="29" hits="168"/><line number="30" hits="84"/><line number="31" hits="42"/><line number="32" hits="42"/><line number="37" hits="42"/><line number="38" hits="168"/><line number="39" hits="340"/><line number="40" hits="149"/><line number="42" hits="84"/><line number="44" hits="84"/><line number="45" hits="42"/><line number="49" hits="835"/><line number="50" hits="835"/><line number="52" hits="835"/><line number="53" hits="1670"/><line number="56" hits="26"/><line number="57" hits="130"/><line number="60" hits="360"/><line number="61" hits="1440"/><line number="62" hits="2160"/><line number="63" hits="1440"/><line number="64" hits="360"/><line number="68" hits="26"/><line number="69" hits="52"/><line number="70" hits="78"/><line number="71" hits="78"/><line number="72" hits="104"/><line number="73" hits="78"/><line number="76" hits="245"/><line number="77" hits="245"/><line number="78" hits="104"/><line number="79" hits="24"/><line number="80" hits="10"/><line number="81" hits="50"/><line number="82" hits="50"/><line number="83" hits="30"/><line number="84" hits="10"/><line number="86" hits="0"/><line number="87" hits="342"/><line number="91" hits="51"/><line number="92" hits="204"/><line number="93" hits="102"/><line number="95" hits="284"/><line number="96" hits="61"/><line number="99" hits="101"/><line number="100" hits="50"/><line number="102" hits="3"/><line number="104" hits="102"/><line number="107" hits="52"/><line number="108" hits="208"/><line number="109" hits="52"/><line number="110" hits="64"/><line number="111" hits="45"/><line number="112" hits="71"/><line number="113" hits="34"/><line number="114" hits="32"/><line number="115" hits="32"/><line number="116" hits="50"/><line number="117" hits="20"/><line number="120" hits="0"/><line number="123" hits="52"/><line number="124" hits="24"/><line number="125" hits="10"/><line number="126" hits="6"/><line number="127" hits="4"/><line number="128" hits="4"/><line number="129" hits="8"/><line number="130" hits="8"/><line number="131" hits="40"/><line number="135" hits="4"/><line number="136" hits="16"/><line number="137" hits="8"/><line number="140" hits="4"/><line number="141" hits="2"/><line number="142" hits="11"/><line number="143" hits="3"/><line number="145" hits="2"/><line number="146" hits="1"/><line number="148" hits="0"/><line number="153" hits="6"/><line number="154" hits="2"/><line number="156" hits="6"/><line number="159" hits="8"/><line number="162" hits="4"/><line number="163" hits="16"/><line number="164" hits="16"/><line number="165" hits="4"/><line number="167" hits="0"/><line number="169" hits="8"/><line number="172" hits="6"/><line number="173" hits="2"/><line number="174" hits="5"/><line number="175" hits="1"/><line number="177" hits="2"/><line number="178" hits="1"/><line number="180" hits="0"/><line number="185" hits="6"/><line number="186" hits="2"/><line number="188" hits="6"/><line number="191" hits="8"/><line number="194" hits="2"/><line number="195" hits="8"/><line number="196" hits="4"/><line number="199" hits="3"/><line number="200" hits="1"/><line number="202" hits="3"/><line number="205" hits="4"/><line number="208" hits="2"/><line number="209" hits="8"/><line number="210" hits="4"/><line number="213" hits="3"/><line number="214" hits="1"/><line number="216" hits="3"/><line number="219" hits="4"/><line number="222" hits="3"/><line number="223" hits="12"/><line number="224" hits="6"/><line number="227" hits="5"/><line number="228" hits="2"/><line number="230" hits="3"/><line number="233" hits="6"/><line number="236" hits="5"/><line number="237" hits="20"/><line number="238" hits="10"/><line number="244" hits="8"/><line number="245" hits="3"/><line number="249" hits="6"/><line number="252" hits="10"/><line number="255" hits="16"/><line number="256" hits="64"/><line number="257" hits="32"/><line number="260" hits="31"/><line number="261" hits="15"/><line number="263" hits="3"/><line number="267" hits="0"/><line number="268" hits="55"/><line number="269" hits="0"/><line number="270" hits="8"/><line number="271" hits="2"/><line number="273" hits="0"/><line number="274" hits="40"/><line number="275" hits="20"/><line number="276" hits="28"/><line number="277" hits="27"/><line number="278" hits="13"/><line number="280" hits="3"/><line number="282" hits="14"/><line number="283" hits="10"/><line number="285" hits="4"/><line number="287" hits="2"/><line number="290" hits="0"/><line number="293" hits="2"/><line number="294" hits="10"/><line number="295" hits="10"/><line number="296" hits="6"/><line number="297" hits="2"/><line number="299" hits="62"/><line number="303" hits="32"/><line number="313" hits="9"/><line number="314" hits="27"/><line number="318" hits="42"/><line number="319" hits="126"/></lines></class></classes></package><package name="crates/ferrotex-cli/src" line-rate="0" branch-rate="0" complexity="0"><classes></classes></package><package name="fuzz/fuzz_targets" line-rate="0" branch-rate="0" complexity="0"><classes></classes></package><package name="crates/ferrotex-log/src" line-rate="0.9505494505494505" branch-rate="0" complexity="0"><classes><class name="ir" filename="crates/ferrotex-log/src/ir.rs" line-rate="1" branch-rate="0" complexity="0"><methods/><lines><line number="14" hits="22"/><line number="24" hits="22"/><line number="25" hits="22"/></lines></class><class name="parser" filename="crates/ferrotex-log/src/parser.rs" line-rate="0.9497206703910615" branch-rate="0" complexity="0"><methods/><lines><line number="16" hits="1"/><line number="17" hits="1"/><line number="23" hits="17"/><line number="25" hits="34"/><line number="26" hits="17"/><line number="27" hits="17"/><line number="41" hits="17"/><line number="42" hits="51"/><line number="43" hits="34"/><line number="51" hits="14"/><line number="53" hits="14"/><line number="54" hits="22"/><line number="55" hits="33"/><line number="56" hits="11"/><line number="58" hits="33"/><line number="59" hits="33"/><line number="61" hits="28"/><line number="65" hits="28"/><line number="66" hits="56"/><line number="75" hits="74"/><line number="76" hits="23"/><line number="78" hits="5"/><line number="81" hits="46"/><line number="82" hits="115"/><line number="84" hits="69"/><line number="85" hits="10"/><line number="87" hits="13"/><line number="100" hits="92"/><line number="101" hits="46"/><line number="102" hits="152"/><line number="103" hits="172"/><line number="104" hits="43"/><line number="107" hits="46"/><line number="108" hits="46"/><line number="121" hits="69"/><line number="123" hits="690"/><line number="125" hits="648"/><line number="126" hits="24"/><line number="127" hits="24"/><line number="128" hits="24"/><line number="131" hits="600"/><line number="132" hits="600"/><line number="134" hits="600"/><line number="135" hits="900"/><line number="137" hits="600"/><line number="138" hits="900"/><line number="139" hits="600"/><line number="141" hits="300"/><line number="149" hits="36"/><line number="151" hits="18"/><line number="152" hits="18"/><line number="153" hits="9"/><line number="154" hits="9"/><line number="157" hits="9"/><line number="171" hits="2"/><line number="174" hits="14"/><line number="175" hits="5"/><line number="178" hits="4"/><line number="179" hits="4"/><line number="180" hits="2"/><line number="182" hits="0"/><line number="186" hits="28"/><line number="187" hits="21"/><line number="188" hits="28"/><line number="189" hits="7"/><line number="190" hits="7"/><line number="193" hits="7"/><line number="194" hits="7"/><line number="195" hits="7"/><line number="198" hits="6"/><line number="199" hits="6"/><line number="200" hits="8"/><line number="201" hits="2"/><line number="202" hits="2"/><line number="205" hits="0"/><line number="206" hits="0"/><line number="207" hits="0"/><line number="208" hits="0"/><line number="209" hits="0"/><line number="213" hits="2"/><line number="216" hits="20"/><line number="217" hits="15"/><line number="218" hits="25"/><line number="219" hits="5"/><line number="220" hits="5"/><line number="222" hits="5"/><line number="223" hits="5"/><line number="224" hits="5"/><line number="228" hits="284"/><line number="229" hits="284"/><line number="230" hits="284"/><line number="231" hits="568"/><line number="233" hits="8"/><line number="234" hits="8"/><line number="235" hits="8"/><line number="237" hits="276"/><line number="241" hits="0"/><line number="242" hits="0"/><line number="253" hits="69"/><line number="254" hits="2"/><line number="256" hits="21"/><line number="259" hits="23"/><line number="260" hits="69"/><line number="263" hits="69"/><line number="267" hits="11"/><line number="268" hits="44"/><line number="269" hits="44"/><line number="270" hits="11"/><line number="273" hits="284"/><line number="279" hits="1132"/><line number="280" hits="6"/><line number="282" hits="9"/><line number="283" hits="12"/><line number="284" hits="6"/><line number="285" hits="3"/><line number="286" hits="3"/><line number="289" hits="3"/><line number="291" hits="1122"/><line number="292" hits="6"/><line number="293" hits="8"/><line number="294" hits="4"/><line number="295" hits="2"/><line number="296" hits="2"/><line number="299" hits="2"/><line number="301" hits="282"/><line number="302" hits="9"/><line number="304" hits="19"/><line number="306" hits="3"/><line number="307" hits="6"/><line number="309" hits="9"/><line number="310" hits="6"/><line number="312" hits="0"/><line number="314" hits="9"/><line number="315" hits="12"/><line number="316" hits="6"/><line number="317" hits="3"/><line number="318" hits="3"/><line number="319" hits="3"/><line number="322" hits="3"/><line number="325" hits="276"/><line number="328" hits="9"/><line number="334" hits="18"/><line number="335" hits="18"/><line number="336" hits="18"/><line number="340" hits="26"/><line number="341" hits="26"/><line number="343" hits="551"/><line number="344" hits="12"/><line number="345" hits="4"/><line number="346" hits="8"/><line number="347" hits="8"/><line number="348" hits="4"/><line number="349" hits="4"/><line number="353" hits="18"/><line number="354" hits="18"/><line number="355" hits="12"/><line number="357" hits="12"/><line number="358" hits="10"/><line number="359" hits="10"/><line number="360" hits="8"/><line number="361" hits="8"/><line number="362" hits="8"/><line number="363" hits="8"/><line number="366" hits="6"/><line number="367" hits="6"/><line number="372" hits="6"/><line number="373" hits="6"/><line number="374" hits="6"/><line number="375" hits="6"/><line number="376" hits="6"/><line number="377" hits="6"/><line number="378" hits="4"/><line number="379" hits="4"/><line number="382" hits="3"/><line number="383" hits="3"/><line number="387" hits="4"/><line number="390" hits="12"/><line number="391" hits="4"/><line number="392" hits="4"/></lines></class></classes></package></packages></coverage>